{"name":"Verify_Ad_On_lifeSyle_Index_Pages","status":"failed","statusDetails":{"known":false,"muted":false,"flaky":false,"message":"Home Tab is not displayed, to get interstitial ad","trace":"java.lang.AssertionError: Home Tab is not displayed, to get interstitial ad\n\tat org.testng.Assert.fail(Assert.java:94)\n\tat com.twc.ios.app.pages.AndroidHomeNavTab.navigateToHomeTab_toGetInterStitialAd(AndroidHomeNavTab.java:100)\n\tat com.twc.ios.app.testcases.AndroidAdsMonitoringTest.Verify_Ad_On_lifeSyle_Index_Pages(AndroidAdsMonitoringTest.java:418)\n\tat sun.reflect.NativeMethodAccessorImpl.invoke0(Native Method)\n\tat sun.reflect.NativeMethodAccessorImpl.invoke(NativeMethodAccessorImpl.java:62)\n\tat sun.reflect.DelegatingMethodAccessorImpl.invoke(DelegatingMethodAccessorImpl.java:43)\n\tat java.lang.reflect.Method.invoke(Method.java:498)\n\tat org.testng.internal.MethodInvocationHelper.invokeMethod(MethodInvocationHelper.java:86)\n\tat org.testng.internal.Invoker.invokeMethod(Invoker.java:643)\n\tat org.testng.internal.Invoker.invokeTestMethod(Invoker.java:820)\n\tat org.testng.internal.Invoker.invokeTestMethods(Invoker.java:1128)\n\tat org.testng.internal.TestMethodWorker.invokeTestMethods(TestMethodWorker.java:129)\n\tat org.testng.internal.TestMethodWorker.run(TestMethodWorker.java:112)\n\tat org.testng.TestRunner.privateRun(TestRunner.java:782)\n\tat org.testng.TestRunner.run(TestRunner.java:632)\n\tat org.testng.SuiteRunner.runTest(SuiteRunner.java:366)\n\tat org.testng.SuiteRunner.runSequentially(SuiteRunner.java:361)\n\tat org.testng.SuiteRunner.privateRun(SuiteRunner.java:319)\n\tat org.testng.SuiteRunner.run(SuiteRunner.java:268)\n\tat org.testng.SuiteRunnerWorker.runSuite(SuiteRunnerWorker.java:52)\n\tat org.testng.SuiteRunnerWorker.run(SuiteRunnerWorker.java:86)\n\tat org.testng.TestNG.runSuitesSequentially(TestNG.java:1244)\n\tat org.testng.TestNG.runSuitesLocally(TestNG.java:1169)\n\tat org.testng.TestNG.run(TestNG.java:1064)\n\tat org.testng.remote.AbstractRemoteTestNG.run(AbstractRemoteTestNG.java:115)\n\tat org.testng.remote.RemoteTestNG.initAndRun(RemoteTestNG.java:251)\n\tat org.testng.remote.RemoteTestNG.main(RemoteTestNG.java:77)\n"},"stage":"finished","description":"Verify Ad on Health & Activities Index Pages","steps":[{"name":"****** Health & Activities Index Pages Ad validation Started","status":"passed","stage":"finished","steps":[],"attachments":[],"parameters":[{"name":"stepName","value":"****** Health & Activities Index Pages Ad validation Started"}],"start":1672242738554,"stop":1672242738554},{"name":"Navigate To Hourly Tab","status":"passed","stage":"finished","steps":[{"name":"Hourly tab not displayed","status":"passed","stage":"finished","steps":[],"attachments":[],"parameters":[{"name":"stepName","value":"Hourly tab not displayed"}],"start":1672242743651,"stop":1672242743651},{"name":"Generating Screenshot","status":"passed","stage":"finished","steps":[{"name":"Generating Screenshot","status":"passed","stage":"finished","steps":[],"attachments":[],"parameters":[{"name":"stepName","value":"Generating Screenshot"}],"start":1672242743652,"stop":1672242743652}],"attachments":[{"name":"Screenshot","source":"f2d8dc4d-dc3c-4ea6-8945-061f3b3a2cb1-attachment"}],"parameters":[],"start":1672242743652,"stop":1672242744490}],"attachments":[],"parameters":[],"start":1672242738554,"stop":1672242744490},{"name":"Navigate to HomeTab to get Interstitial Ad","status":"failed","statusDetails":{"known":false,"muted":false,"flaky":false,"message":"Home Tab is not displayed, to get interstitial ad","trace":"java.lang.AssertionError: Home Tab is not displayed, to get interstitial ad\n\tat org.testng.Assert.fail(Assert.java:94)\n\tat com.twc.ios.app.pages.AndroidHomeNavTab.navigateToHomeTab_toGetInterStitialAd(AndroidHomeNavTab.java:100)\n\tat com.twc.ios.app.testcases.AndroidAdsMonitoringTest.Verify_Ad_On_lifeSyle_Index_Pages(AndroidAdsMonitoringTest.java:418)\n\tat sun.reflect.NativeMethodAccessorImpl.invoke0(Native Method)\n\tat sun.reflect.NativeMethodAccessorImpl.invoke(NativeMethodAccessorImpl.java:62)\n\tat sun.reflect.DelegatingMethodAccessorImpl.invoke(DelegatingMethodAccessorImpl.java:43)\n\tat java.lang.reflect.Method.invoke(Method.java:498)\n\tat org.testng.internal.MethodInvocationHelper.invokeMethod(MethodInvocationHelper.java:86)\n\tat org.testng.internal.Invoker.invokeMethod(Invoker.java:643)\n\tat org.testng.internal.Invoker.invokeTestMethod(Invoker.java:820)\n\tat org.testng.internal.Invoker.invokeTestMethods(Invoker.java:1128)\n\tat org.testng.internal.TestMethodWorker.invokeTestMethods(TestMethodWorker.java:129)\n\tat org.testng.internal.TestMethodWorker.run(TestMethodWorker.java:112)\n\tat org.testng.TestRunner.privateRun(TestRunner.java:782)\n\tat org.testng.TestRunner.run(TestRunner.java:632)\n\tat org.testng.SuiteRunner.runTest(SuiteRunner.java:366)\n\tat org.testng.SuiteRunner.runSequentially(SuiteRunner.java:361)\n\tat org.testng.SuiteRunner.privateRun(SuiteRunner.java:319)\n\tat org.testng.SuiteRunner.run(SuiteRunner.java:268)\n\tat org.testng.SuiteRunnerWorker.runSuite(SuiteRunnerWorker.java:52)\n\tat org.testng.SuiteRunnerWorker.run(SuiteRunnerWorker.java:86)\n\tat org.testng.TestNG.runSuitesSequentially(TestNG.java:1244)\n\tat org.testng.TestNG.runSuitesLocally(TestNG.java:1169)\n\tat org.testng.TestNG.run(TestNG.java:1064)\n\tat org.testng.remote.AbstractRemoteTestNG.run(AbstractRemoteTestNG.java:115)\n\tat org.testng.remote.RemoteTestNG.initAndRun(RemoteTestNG.java:251)\n\tat org.testng.remote.RemoteTestNG.main(RemoteTestNG.java:77)\n"},"stage":"finished","steps":[{"name":"Home Tab is not displayed, to get interstitial ad","status":"passed","stage":"finished","steps":[],"attachments":[],"parameters":[{"name":"stepName","value":"Home Tab is not displayed, to get interstitial ad"}],"start":1672242751589,"stop":1672242751589}],"attachments":[],"parameters":[],"start":1672242746494,"stop":1672242751590}],"attachments":[],"parameters":[],"start":1672242738554,"stop":1672242751590,"uuid":"217504da-7724-4237-850c-247f5873d21f","historyId":"8fdd8fce5a63c3e1c9acea92375c654f","fullName":"com.twc.ios.app.testcases.AndroidAdsMonitoringTest.Verify_Ad_On_lifeSyle_Index_Pages","labels":[{"name":"package","value":"com.twc.ios.app.testcases.AndroidAdsMonitoringTest"},{"name":"testClass","value":"com.twc.ios.app.testcases.AndroidAdsMonitoringTest"},{"name":"testMethod","value":"Verify_Ad_On_lifeSyle_Index_Pages"},{"name":"parentSuite","value":"Default suite"},{"name":"suite","value":"Default test"},{"name":"subSuite","value":"com.twc.ios.app.testcases.AndroidAdsMonitoringTest"},{"name":"host","value":"Aswinikumars-MacBook-Pro.local"},{"name":"thread","value":"43358@Aswinikumars-MacBook-Pro.local.main(1)"},{"name":"framework","value":"testng"},{"name":"language","value":"java"}],"links":[]}