<?xml version="1.0" encoding="UTF-8"?>
<testng-results skipped="0" failed="8" total="12" passed="4">
  <reporter-output>
  </reporter-output>
  <suite name="Default suite" duration-ms="1122788" started-at="2022-12-28T15:34:56Z" finished-at="2022-12-28T15:53:38Z">
    <groups>
    </groups>
    <test name="Default test" duration-ms="1122788" started-at="2022-12-28T15:34:56Z" finished-at="2022-12-28T15:53:38Z">
      <class name="com.twc.ios.app.testcases.AndroidAdsMonitoringTest">
        <test-method status="PASS" signature="beforeClass()[pri:0, instance:com.twc.ios.app.testcases.AndroidAdsMonitoringTest@f4cfd90]" name="beforeClass" is-config="true" duration-ms="30392" started-at="2022-12-28T21:04:56Z" finished-at="2022-12-28T21:05:26Z">
          <reporter-output>
          </reporter-output>
        </test-method> <!-- beforeClass -->
        <test-method status="PASS" signature="beforeTest()[pri:0, instance:com.twc.ios.app.testcases.AndroidAdsMonitoringTest@f4cfd90]" name="beforeTest" duration-ms="261972" started-at="2022-12-28T21:05:26Z" finished-at="2022-12-28T21:09:48Z">
          <reporter-output>
          </reporter-output>
        </test-method> <!-- beforeTest -->
        <test-method status="PASS" signature="Handle_Interstitial_Ad()[pri:100, instance:com.twc.ios.app.testcases.AndroidAdsMonitoringTest@f4cfd90]" name="Handle_Interstitial_Ad" duration-ms="270498" started-at="2022-12-28T21:09:48Z" finished-at="2022-12-28T21:14:19Z">
          <reporter-output>
          </reporter-output>
        </test-method> <!-- Handle_Interstitial_Ad -->
        <test-method status="PASS" signature="Verify_Integrated_Marquee_Ad()[pri:101, instance:com.twc.ios.app.testcases.AndroidAdsMonitoringTest@f4cfd90]" name="Verify_Integrated_Marquee_Ad" duration-ms="24127" started-at="2022-12-28T21:14:19Z" finished-at="2022-12-28T21:14:43Z">
          <reporter-output>
          </reporter-output>
        </test-method> <!-- Verify_Integrated_Marquee_Ad -->
        <test-method status="FAIL" signature="Verify_HomeScreen_Sticky_Ad()[pri:102, instance:com.twc.ios.app.testcases.AndroidAdsMonitoringTest@f4cfd90]" name="Verify_HomeScreen_Sticky_Ad" duration-ms="30205" started-at="2022-12-28T21:14:43Z" finished-at="2022-12-28T21:15:13Z">
          <exception class="java.lang.AssertionError">
            <message>
              <![CDATA[HomeScreen Sticky Ad is Not displayed]]>
            </message>
            <full-stacktrace>
              <![CDATA[java.lang.AssertionError: HomeScreen Sticky Ad is Not displayed
	at org.testng.Assert.fail(Assert.java:94)
	at com.twc.ios.app.pages.AndroidHomeNavTab.assertStickyAd(AndroidHomeNavTab.java:191)
	at com.twc.ios.app.testcases.AndroidAdsMonitoringTest.Verify_HomeScreen_Sticky_Ad(AndroidAdsMonitoringTest.java:257)
	at sun.reflect.NativeMethodAccessorImpl.invoke0(Native Method)
	at sun.reflect.NativeMethodAccessorImpl.invoke(NativeMethodAccessorImpl.java:62)
	at sun.reflect.DelegatingMethodAccessorImpl.invoke(DelegatingMethodAccessorImpl.java:43)
	at java.lang.reflect.Method.invoke(Method.java:498)
	at org.testng.internal.MethodInvocationHelper.invokeMethod(MethodInvocationHelper.java:86)
	at org.testng.internal.Invoker.invokeMethod(Invoker.java:643)
	at org.testng.internal.Invoker.invokeTestMethod(Invoker.java:820)
	at org.testng.internal.Invoker.invokeTestMethods(Invoker.java:1128)
	at org.testng.internal.TestMethodWorker.invokeTestMethods(TestMethodWorker.java:129)
	at org.testng.internal.TestMethodWorker.run(TestMethodWorker.java:112)
	at org.testng.TestRunner.privateRun(TestRunner.java:782)
	at org.testng.TestRunner.run(TestRunner.java:632)
	at org.testng.SuiteRunner.runTest(SuiteRunner.java:366)
	at org.testng.SuiteRunner.runSequentially(SuiteRunner.java:361)
	at org.testng.SuiteRunner.privateRun(SuiteRunner.java:319)
	at org.testng.SuiteRunner.run(SuiteRunner.java:268)
	at org.testng.SuiteRunnerWorker.runSuite(SuiteRunnerWorker.java:52)
	at org.testng.SuiteRunnerWorker.run(SuiteRunnerWorker.java:86)
	at org.testng.TestNG.runSuitesSequentially(TestNG.java:1244)
	at org.testng.TestNG.runSuitesLocally(TestNG.java:1169)
	at org.testng.TestNG.run(TestNG.java:1064)
	at org.testng.remote.AbstractRemoteTestNG.run(AbstractRemoteTestNG.java:115)
	at org.testng.remote.RemoteTestNG.initAndRun(RemoteTestNG.java:251)
	at org.testng.remote.RemoteTestNG.main(RemoteTestNG.java:77)
]]>
            </full-stacktrace>
          </exception> <!-- java.lang.AssertionError -->
          <reporter-output>
          </reporter-output>
        </test-method> <!-- Verify_HomeScreen_Sticky_Ad -->
        <test-method status="FAIL" signature="Verify_Ad_On_Hourly_NavTab()[pri:103, instance:com.twc.ios.app.testcases.AndroidAdsMonitoringTest@f4cfd90]" name="Verify_Ad_On_Hourly_NavTab" duration-ms="37134" started-at="2022-12-28T21:15:13Z" finished-at="2022-12-28T21:15:50Z">
          <exception class="java.lang.AssertionError">
            <message>
              <![CDATA[Ad not displayed on Daily Nav Tab]]>
            </message>
            <full-stacktrace>
              <![CDATA[java.lang.AssertionError: Ad not displayed on Daily Nav Tab
	at org.testng.Assert.fail(Assert.java:94)
	at com.twc.ios.app.pages.AndroidHourlyNavTab.assertAdOnHourlyNavTab(AndroidHourlyNavTab.java:106)
	at com.twc.ios.app.testcases.AndroidAdsMonitoringTest.Verify_Ad_On_Hourly_NavTab(AndroidAdsMonitoringTest.java:276)
	at sun.reflect.NativeMethodAccessorImpl.invoke0(Native Method)
	at sun.reflect.NativeMethodAccessorImpl.invoke(NativeMethodAccessorImpl.java:62)
	at sun.reflect.DelegatingMethodAccessorImpl.invoke(DelegatingMethodAccessorImpl.java:43)
	at java.lang.reflect.Method.invoke(Method.java:498)
	at org.testng.internal.MethodInvocationHelper.invokeMethod(MethodInvocationHelper.java:86)
	at org.testng.internal.Invoker.invokeMethod(Invoker.java:643)
	at org.testng.internal.Invoker.invokeTestMethod(Invoker.java:820)
	at org.testng.internal.Invoker.invokeTestMethods(Invoker.java:1128)
	at org.testng.internal.TestMethodWorker.invokeTestMethods(TestMethodWorker.java:129)
	at org.testng.internal.TestMethodWorker.run(TestMethodWorker.java:112)
	at org.testng.TestRunner.privateRun(TestRunner.java:782)
	at org.testng.TestRunner.run(TestRunner.java:632)
	at org.testng.SuiteRunner.runTest(SuiteRunner.java:366)
	at org.testng.SuiteRunner.runSequentially(SuiteRunner.java:361)
	at org.testng.SuiteRunner.privateRun(SuiteRunner.java:319)
	at org.testng.SuiteRunner.run(SuiteRunner.java:268)
	at org.testng.SuiteRunnerWorker.runSuite(SuiteRunnerWorker.java:52)
	at org.testng.SuiteRunnerWorker.run(SuiteRunnerWorker.java:86)
	at org.testng.TestNG.runSuitesSequentially(TestNG.java:1244)
	at org.testng.TestNG.runSuitesLocally(TestNG.java:1169)
	at org.testng.TestNG.run(TestNG.java:1064)
	at org.testng.remote.AbstractRemoteTestNG.run(AbstractRemoteTestNG.java:115)
	at org.testng.remote.RemoteTestNG.initAndRun(RemoteTestNG.java:251)
	at org.testng.remote.RemoteTestNG.main(RemoteTestNG.java:77)
]]>
            </full-stacktrace>
          </exception> <!-- java.lang.AssertionError -->
          <reporter-output>
          </reporter-output>
        </test-method> <!-- Verify_Ad_On_Hourly_NavTab -->
        <test-method status="PASS" signature="Verify_Ad_On_Daily_NavTab()[pri:104, instance:com.twc.ios.app.testcases.AndroidAdsMonitoringTest@f4cfd90]" name="Verify_Ad_On_Daily_NavTab" duration-ms="33140" started-at="2022-12-28T21:15:50Z" finished-at="2022-12-28T21:16:23Z">
          <reporter-output>
          </reporter-output>
        </test-method> <!-- Verify_Ad_On_Daily_NavTab -->
        <test-method status="FAIL" signature="Verify_Ad_On_Radar_NavTab()[pri:105, instance:com.twc.ios.app.testcases.AndroidAdsMonitoringTest@f4cfd90]" name="Verify_Ad_On_Radar_NavTab" duration-ms="37999" started-at="2022-12-28T21:16:23Z" finished-at="2022-12-28T21:17:01Z">
          <exception class="java.lang.AssertionError">
            <message>
              <![CDATA[Radar Nav Tab Ad is Not displayed]]>
            </message>
            <full-stacktrace>
              <![CDATA[java.lang.AssertionError: Radar Nav Tab Ad is Not displayed
	at org.testng.Assert.fail(Assert.java:94)
	at com.twc.ios.app.pages.AndroidRadarNavTab.assertAdOnRadarNavTab(AndroidRadarNavTab.java:155)
	at com.twc.ios.app.testcases.AndroidAdsMonitoringTest.Verify_Ad_On_Radar_NavTab(AndroidAdsMonitoringTest.java:314)
	at sun.reflect.NativeMethodAccessorImpl.invoke0(Native Method)
	at sun.reflect.NativeMethodAccessorImpl.invoke(NativeMethodAccessorImpl.java:62)
	at sun.reflect.DelegatingMethodAccessorImpl.invoke(DelegatingMethodAccessorImpl.java:43)
	at java.lang.reflect.Method.invoke(Method.java:498)
	at org.testng.internal.MethodInvocationHelper.invokeMethod(MethodInvocationHelper.java:86)
	at org.testng.internal.Invoker.invokeMethod(Invoker.java:643)
	at org.testng.internal.Invoker.invokeTestMethod(Invoker.java:820)
	at org.testng.internal.Invoker.invokeTestMethods(Invoker.java:1128)
	at org.testng.internal.TestMethodWorker.invokeTestMethods(TestMethodWorker.java:129)
	at org.testng.internal.TestMethodWorker.run(TestMethodWorker.java:112)
	at org.testng.TestRunner.privateRun(TestRunner.java:782)
	at org.testng.TestRunner.run(TestRunner.java:632)
	at org.testng.SuiteRunner.runTest(SuiteRunner.java:366)
	at org.testng.SuiteRunner.runSequentially(SuiteRunner.java:361)
	at org.testng.SuiteRunner.privateRun(SuiteRunner.java:319)
	at org.testng.SuiteRunner.run(SuiteRunner.java:268)
	at org.testng.SuiteRunnerWorker.runSuite(SuiteRunnerWorker.java:52)
	at org.testng.SuiteRunnerWorker.run(SuiteRunnerWorker.java:86)
	at org.testng.TestNG.runSuitesSequentially(TestNG.java:1244)
	at org.testng.TestNG.runSuitesLocally(TestNG.java:1169)
	at org.testng.TestNG.run(TestNG.java:1064)
	at org.testng.remote.AbstractRemoteTestNG.run(AbstractRemoteTestNG.java:115)
	at org.testng.remote.RemoteTestNG.initAndRun(RemoteTestNG.java:251)
	at org.testng.remote.RemoteTestNG.main(RemoteTestNG.java:77)
]]>
            </full-stacktrace>
          </exception> <!-- java.lang.AssertionError -->
          <reporter-output>
          </reporter-output>
        </test-method> <!-- Verify_Ad_On_Radar_NavTab -->
        <test-method status="FAIL" signature="Verify_Ad_On_Feed1_Card()[pri:106, instance:com.twc.ios.app.testcases.AndroidAdsMonitoringTest@f4cfd90]" name="Verify_Ad_On_Feed1_Card" duration-ms="43154" started-at="2022-12-28T21:17:01Z" finished-at="2022-12-28T21:17:44Z">
          <exception class="java.lang.AssertionError">
            <message>
              <![CDATA[Ad not displayed on Feed1 Card]]>
            </message>
            <full-stacktrace>
              <![CDATA[java.lang.AssertionError: Ad not displayed on Feed1 Card
	at org.testng.Assert.fail(Assert.java:94)
	at com.twc.ios.app.pages.AndroidFeedOneCardScreen.assertAdOnFeed1Card(AndroidFeedOneCardScreen.java:61)
	at com.twc.ios.app.testcases.AndroidAdsMonitoringTest.Verify_Ad_On_Feed1_Card(AndroidAdsMonitoringTest.java:333)
	at sun.reflect.NativeMethodAccessorImpl.invoke0(Native Method)
	at sun.reflect.NativeMethodAccessorImpl.invoke(NativeMethodAccessorImpl.java:62)
	at sun.reflect.DelegatingMethodAccessorImpl.invoke(DelegatingMethodAccessorImpl.java:43)
	at java.lang.reflect.Method.invoke(Method.java:498)
	at org.testng.internal.MethodInvocationHelper.invokeMethod(MethodInvocationHelper.java:86)
	at org.testng.internal.Invoker.invokeMethod(Invoker.java:643)
	at org.testng.internal.Invoker.invokeTestMethod(Invoker.java:820)
	at org.testng.internal.Invoker.invokeTestMethods(Invoker.java:1128)
	at org.testng.internal.TestMethodWorker.invokeTestMethods(TestMethodWorker.java:129)
	at org.testng.internal.TestMethodWorker.run(TestMethodWorker.java:112)
	at org.testng.TestRunner.privateRun(TestRunner.java:782)
	at org.testng.TestRunner.run(TestRunner.java:632)
	at org.testng.SuiteRunner.runTest(SuiteRunner.java:366)
	at org.testng.SuiteRunner.runSequentially(SuiteRunner.java:361)
	at org.testng.SuiteRunner.privateRun(SuiteRunner.java:319)
	at org.testng.SuiteRunner.run(SuiteRunner.java:268)
	at org.testng.SuiteRunnerWorker.runSuite(SuiteRunnerWorker.java:52)
	at org.testng.SuiteRunnerWorker.run(SuiteRunnerWorker.java:86)
	at org.testng.TestNG.runSuitesSequentially(TestNG.java:1244)
	at org.testng.TestNG.runSuitesLocally(TestNG.java:1169)
	at org.testng.TestNG.run(TestNG.java:1064)
	at org.testng.remote.AbstractRemoteTestNG.run(AbstractRemoteTestNG.java:115)
	at org.testng.remote.RemoteTestNG.initAndRun(RemoteTestNG.java:251)
	at org.testng.remote.RemoteTestNG.main(RemoteTestNG.java:77)
]]>
            </full-stacktrace>
          </exception> <!-- java.lang.AssertionError -->
          <reporter-output>
          </reporter-output>
        </test-method> <!-- Verify_Ad_On_Feed1_Card -->
        <test-method status="FAIL" signature="Verify_Ad_On_Feed2_Card()[pri:107, instance:com.twc.ios.app.testcases.AndroidAdsMonitoringTest@f4cfd90]" name="Verify_Ad_On_Feed2_Card" duration-ms="44048" started-at="2022-12-28T21:17:45Z" finished-at="2022-12-28T21:18:29Z">
          <exception class="java.lang.AssertionError">
            <message>
              <![CDATA[Ad not displayed on Feed2 Card]]>
            </message>
            <full-stacktrace>
              <![CDATA[java.lang.AssertionError: Ad not displayed on Feed2 Card
	at org.testng.Assert.fail(Assert.java:94)
	at com.twc.ios.app.pages.AndroidFeedTwoCardScreen.assertAdOnFeed2Card(AndroidFeedTwoCardScreen.java:61)
	at com.twc.ios.app.testcases.AndroidAdsMonitoringTest.Verify_Ad_On_Feed2_Card(AndroidAdsMonitoringTest.java:352)
	at sun.reflect.NativeMethodAccessorImpl.invoke0(Native Method)
	at sun.reflect.NativeMethodAccessorImpl.invoke(NativeMethodAccessorImpl.java:62)
	at sun.reflect.DelegatingMethodAccessorImpl.invoke(DelegatingMethodAccessorImpl.java:43)
	at java.lang.reflect.Method.invoke(Method.java:498)
	at org.testng.internal.MethodInvocationHelper.invokeMethod(MethodInvocationHelper.java:86)
	at org.testng.internal.Invoker.invokeMethod(Invoker.java:643)
	at org.testng.internal.Invoker.invokeTestMethod(Invoker.java:820)
	at org.testng.internal.Invoker.invokeTestMethods(Invoker.java:1128)
	at org.testng.internal.TestMethodWorker.invokeTestMethods(TestMethodWorker.java:129)
	at org.testng.internal.TestMethodWorker.run(TestMethodWorker.java:112)
	at org.testng.TestRunner.privateRun(TestRunner.java:782)
	at org.testng.TestRunner.run(TestRunner.java:632)
	at org.testng.SuiteRunner.runTest(SuiteRunner.java:366)
	at org.testng.SuiteRunner.runSequentially(SuiteRunner.java:361)
	at org.testng.SuiteRunner.privateRun(SuiteRunner.java:319)
	at org.testng.SuiteRunner.run(SuiteRunner.java:268)
	at org.testng.SuiteRunnerWorker.runSuite(SuiteRunnerWorker.java:52)
	at org.testng.SuiteRunnerWorker.run(SuiteRunnerWorker.java:86)
	at org.testng.TestNG.runSuitesSequentially(TestNG.java:1244)
	at org.testng.TestNG.runSuitesLocally(TestNG.java:1169)
	at org.testng.TestNG.run(TestNG.java:1064)
	at org.testng.remote.AbstractRemoteTestNG.run(AbstractRemoteTestNG.java:115)
	at org.testng.remote.RemoteTestNG.initAndRun(RemoteTestNG.java:251)
	at org.testng.remote.RemoteTestNG.main(RemoteTestNG.java:77)
]]>
            </full-stacktrace>
          </exception> <!-- java.lang.AssertionError -->
          <reporter-output>
          </reporter-output>
        </test-method> <!-- Verify_Ad_On_Feed2_Card -->
        <test-method status="FAIL" signature="Verify_Ad_On_AQ_Details_Page()[pri:108, instance:com.twc.ios.app.testcases.AndroidAdsMonitoringTest@f4cfd90]" name="Verify_Ad_On_AQ_Details_Page" duration-ms="87881" started-at="2022-12-28T21:18:29Z" finished-at="2022-12-28T21:19:56Z">
          <exception class="java.lang.AssertionError">
            <message>
              <![CDATA[Ad not didplayed on AQ Details page]]>
            </message>
            <full-stacktrace>
              <![CDATA[java.lang.AssertionError: Ad not didplayed on AQ Details page
	at org.testng.Assert.fail(Assert.java:94)
	at com.twc.ios.app.pages.AndroidAirQualityCardContentScreen.assertAdOnAQDetailsPage(AndroidAirQualityCardContentScreen.java:121)
	at com.twc.ios.app.testcases.AndroidAdsMonitoringTest.Verify_Ad_On_AQ_Details_Page(AndroidAdsMonitoringTest.java:374)
	at sun.reflect.NativeMethodAccessorImpl.invoke0(Native Method)
	at sun.reflect.NativeMethodAccessorImpl.invoke(NativeMethodAccessorImpl.java:62)
	at sun.reflect.DelegatingMethodAccessorImpl.invoke(DelegatingMethodAccessorImpl.java:43)
	at java.lang.reflect.Method.invoke(Method.java:498)
	at org.testng.internal.MethodInvocationHelper.invokeMethod(MethodInvocationHelper.java:86)
	at org.testng.internal.Invoker.invokeMethod(Invoker.java:643)
	at org.testng.internal.Invoker.invokeTestMethod(Invoker.java:820)
	at org.testng.internal.Invoker.invokeTestMethods(Invoker.java:1128)
	at org.testng.internal.TestMethodWorker.invokeTestMethods(TestMethodWorker.java:129)
	at org.testng.internal.TestMethodWorker.run(TestMethodWorker.java:112)
	at org.testng.TestRunner.privateRun(TestRunner.java:782)
	at org.testng.TestRunner.run(TestRunner.java:632)
	at org.testng.SuiteRunner.runTest(SuiteRunner.java:366)
	at org.testng.SuiteRunner.runSequentially(SuiteRunner.java:361)
	at org.testng.SuiteRunner.privateRun(SuiteRunner.java:319)
	at org.testng.SuiteRunner.run(SuiteRunner.java:268)
	at org.testng.SuiteRunnerWorker.runSuite(SuiteRunnerWorker.java:52)
	at org.testng.SuiteRunnerWorker.run(SuiteRunnerWorker.java:86)
	at org.testng.TestNG.runSuitesSequentially(TestNG.java:1244)
	at org.testng.TestNG.runSuitesLocally(TestNG.java:1169)
	at org.testng.TestNG.run(TestNG.java:1064)
	at org.testng.remote.AbstractRemoteTestNG.run(AbstractRemoteTestNG.java:115)
	at org.testng.remote.RemoteTestNG.initAndRun(RemoteTestNG.java:251)
	at org.testng.remote.RemoteTestNG.main(RemoteTestNG.java:77)
]]>
            </full-stacktrace>
          </exception> <!-- java.lang.AssertionError -->
          <reporter-output>
          </reporter-output>
        </test-method> <!-- Verify_Ad_On_AQ_Details_Page -->
        <test-method status="FAIL" signature="Verify_Ad_On_News_Details_Page()[pri:109, instance:com.twc.ios.app.testcases.AndroidAdsMonitoringTest@f4cfd90]" name="Verify_Ad_On_News_Details_Page" duration-ms="141307" started-at="2022-12-28T21:19:57Z" finished-at="2022-12-28T21:22:18Z">
          <exception class="java.lang.AssertionError">
            <message>
              <![CDATA[Ad not displayed on News Details Page]]>
            </message>
            <full-stacktrace>
              <![CDATA[java.lang.AssertionError: Ad not displayed on News Details Page
	at org.testng.Assert.fail(Assert.java:94)
	at com.twc.ios.app.pages.AndroidNewsCardScreen.assertAdOnNewsDetailsPage(AndroidNewsCardScreen.java:108)
	at com.twc.ios.app.testcases.AndroidAdsMonitoringTest.Verify_Ad_On_News_Details_Page(AndroidAdsMonitoringTest.java:403)
	at sun.reflect.NativeMethodAccessorImpl.invoke0(Native Method)
	at sun.reflect.NativeMethodAccessorImpl.invoke(NativeMethodAccessorImpl.java:62)
	at sun.reflect.DelegatingMethodAccessorImpl.invoke(DelegatingMethodAccessorImpl.java:43)
	at java.lang.reflect.Method.invoke(Method.java:498)
	at org.testng.internal.MethodInvocationHelper.invokeMethod(MethodInvocationHelper.java:86)
	at org.testng.internal.Invoker.invokeMethod(Invoker.java:643)
	at org.testng.internal.Invoker.invokeTestMethod(Invoker.java:820)
	at org.testng.internal.Invoker.invokeTestMethods(Invoker.java:1128)
	at org.testng.internal.TestMethodWorker.invokeTestMethods(TestMethodWorker.java:129)
	at org.testng.internal.TestMethodWorker.run(TestMethodWorker.java:112)
	at org.testng.TestRunner.privateRun(TestRunner.java:782)
	at org.testng.TestRunner.run(TestRunner.java:632)
	at org.testng.SuiteRunner.runTest(SuiteRunner.java:366)
	at org.testng.SuiteRunner.runSequentially(SuiteRunner.java:361)
	at org.testng.SuiteRunner.privateRun(SuiteRunner.java:319)
	at org.testng.SuiteRunner.run(SuiteRunner.java:268)
	at org.testng.SuiteRunnerWorker.runSuite(SuiteRunnerWorker.java:52)
	at org.testng.SuiteRunnerWorker.run(SuiteRunnerWorker.java:86)
	at org.testng.TestNG.runSuitesSequentially(TestNG.java:1244)
	at org.testng.TestNG.runSuitesLocally(TestNG.java:1169)
	at org.testng.TestNG.run(TestNG.java:1064)
	at org.testng.remote.AbstractRemoteTestNG.run(AbstractRemoteTestNG.java:115)
	at org.testng.remote.RemoteTestNG.initAndRun(RemoteTestNG.java:251)
	at org.testng.remote.RemoteTestNG.main(RemoteTestNG.java:77)
]]>
            </full-stacktrace>
          </exception> <!-- java.lang.AssertionError -->
          <reporter-output>
          </reporter-output>
        </test-method> <!-- Verify_Ad_On_News_Details_Page -->
        <test-method status="FAIL" signature="Verify_Ad_On_lifeSyle_Index_Pages()[pri:110, instance:com.twc.ios.app.testcases.AndroidAdsMonitoringTest@f4cfd90]" name="Verify_Ad_On_lifeSyle_Index_Pages" duration-ms="13039" started-at="2022-12-28T21:22:18Z" finished-at="2022-12-28T21:22:31Z">
          <exception class="java.lang.AssertionError">
            <message>
              <![CDATA[Home Tab is not displayed, to get interstitial ad]]>
            </message>
            <full-stacktrace>
              <![CDATA[java.lang.AssertionError: Home Tab is not displayed, to get interstitial ad
	at org.testng.Assert.fail(Assert.java:94)
	at com.twc.ios.app.pages.AndroidHomeNavTab.navigateToHomeTab_toGetInterStitialAd(AndroidHomeNavTab.java:100)
	at com.twc.ios.app.testcases.AndroidAdsMonitoringTest.Verify_Ad_On_lifeSyle_Index_Pages(AndroidAdsMonitoringTest.java:418)
	at sun.reflect.NativeMethodAccessorImpl.invoke0(Native Method)
	at sun.reflect.NativeMethodAccessorImpl.invoke(NativeMethodAccessorImpl.java:62)
	at sun.reflect.DelegatingMethodAccessorImpl.invoke(DelegatingMethodAccessorImpl.java:43)
	at java.lang.reflect.Method.invoke(Method.java:498)
	at org.testng.internal.MethodInvocationHelper.invokeMethod(MethodInvocationHelper.java:86)
	at org.testng.internal.Invoker.invokeMethod(Invoker.java:643)
	at org.testng.internal.Invoker.invokeTestMethod(Invoker.java:820)
	at org.testng.internal.Invoker.invokeTestMethods(Invoker.java:1128)
	at org.testng.internal.TestMethodWorker.invokeTestMethods(TestMethodWorker.java:129)
	at org.testng.internal.TestMethodWorker.run(TestMethodWorker.java:112)
	at org.testng.TestRunner.privateRun(TestRunner.java:782)
	at org.testng.TestRunner.run(TestRunner.java:632)
	at org.testng.SuiteRunner.runTest(SuiteRunner.java:366)
	at org.testng.SuiteRunner.runSequentially(SuiteRunner.java:361)
	at org.testng.SuiteRunner.privateRun(SuiteRunner.java:319)
	at org.testng.SuiteRunner.run(SuiteRunner.java:268)
	at org.testng.SuiteRunnerWorker.runSuite(SuiteRunnerWorker.java:52)
	at org.testng.SuiteRunnerWorker.run(SuiteRunnerWorker.java:86)
	at org.testng.TestNG.runSuitesSequentially(TestNG.java:1244)
	at org.testng.TestNG.runSuitesLocally(TestNG.java:1169)
	at org.testng.TestNG.run(TestNG.java:1064)
	at org.testng.remote.AbstractRemoteTestNG.run(AbstractRemoteTestNG.java:115)
	at org.testng.remote.RemoteTestNG.initAndRun(RemoteTestNG.java:251)
	at org.testng.remote.RemoteTestNG.main(RemoteTestNG.java:77)
]]>
            </full-stacktrace>
          </exception> <!-- java.lang.AssertionError -->
          <reporter-output>
          </reporter-output>
        </test-method> <!-- Verify_Ad_On_lifeSyle_Index_Pages -->
        <test-method status="PASS" signature="afterClass()[pri:0, instance:com.twc.ios.app.testcases.AndroidAdsMonitoringTest@f4cfd90]" name="afterClass" is-config="true" duration-ms="67304" started-at="2022-12-28T21:22:31Z" finished-at="2022-12-28T21:23:38Z">
          <reporter-output>
          </reporter-output>
        </test-method> <!-- afterClass -->
      </class> <!-- com.twc.ios.app.testcases.AndroidAdsMonitoringTest -->
    </test> <!-- Default test -->
  </suite> <!-- Default suite -->
</testng-results>
