<?xml version="1.0" encoding="UTF-8"?>
<!-- Generated by org.testng.reporters.JUnitReportReporter -->
<testsuite hostname="Aswinikumars-MacBook-Pro.local" name="com.twc.ios.app.testcases.AndroidVIRGINIAPrivacyTest" tests="97" failures="10" timestamp="2 Dec 2022 10:12:57 GMT" time="2699.021" errors="8">
  <testcase name="Verify_Lotame_Call_privacy_optout_for_VIRGINIA_To_LGPD_Travel_Scenario" time="0.022" classname="com.twc.ios.app.testcases.AndroidVIRGINIAPrivacyTest"/>
  <testcase name="Verify_LocationWFXTriggers_Call_privacy_optout_for_VIRGINIA_To_USA_Travel_Scenario" time="0.043" classname="com.twc.ios.app.testcases.AndroidVIRGINIAPrivacyTest"/>
  <testcase name="enable_PreConfiguration_for_VIRGINIA_To_GDPR_Travel_Scenario" time="60.540" classname="com.twc.ios.app.testcases.AndroidVIRGINIAPrivacyTest"/>
  <testcase name="Verify_Criteo_SDK_inapp_v2_Call_privacy_optin_for_VIRGINIA" time="0.049" classname="com.twc.ios.app.testcases.AndroidVIRGINIAPrivacyTest"/>
  <testcase name="validate_PrerollVideo_call_rdp_val_privacy_optout_for_VIRGINIA" time="240.148" classname="com.twc.ios.app.testcases.AndroidVIRGINIAPrivacyTest"/>
  <testcase name="Verify_Lotame_call_privacy_optin_for_VIRGINIA" time="0.074" classname="com.twc.ios.app.testcases.AndroidVIRGINIAPrivacyTest"/>
  <testcase name="Verify_Criteo_SDK_config_app_Call_privacy_optout_for_VIRGINIA_To_SERBIA_Travel_Scenario" time="0.039" classname="com.twc.ios.app.testcases.AndroidVIRGINIAPrivacyTest"/>
  <testcase name="enable_PreConfiguration_for_VIRGINIA_To_LATAMCO_Travel_Scenario" time="61.255" classname="com.twc.ios.app.testcases.AndroidVIRGINIAPrivacyTest"/>
  <testcase name="enable_PreConfiguration_for_VIRGINIA_To_SERBIA_Travel_Scenario" time="63.384" classname="com.twc.ios.app.testcases.AndroidVIRGINIAPrivacyTest"/>
  <testcase name="Verify_Lotame_Call_privacy_optout_for_VIRGINIA_To_USA_Travel_Scenario" time="0.044" classname="com.twc.ios.app.testcases.AndroidVIRGINIAPrivacyTest"/>
  <testcase name="validate_PrerollVideo_call_rdp_val_privacy_optout_for_VIRGINIA_To_LGPD_Travel_Scenario" time="0.080" classname="com.twc.ios.app.testcases.AndroidVIRGINIAPrivacyTest">
    <error type="java.lang.NullPointerException">
      <![CDATA[java.lang.NullPointerException
	at java.lang.String.contains(String.java:2133)
	at com.twc.ios.app.general.Utils.validate_rdp_val_in_gampad_url(Utils.java:3266)
	at com.twc.ios.app.testcases.AndroidVIRGINIAPrivacyTest.validate_PrerollVideo_call_rdp_val_privacy_optout_for_VIRGINIA_To_LGPD_Travel_Scenario(AndroidVIRGINIAPrivacyTest.java:881)
	at sun.reflect.NativeMethodAccessorImpl.invoke0(Native Method)
	at sun.reflect.NativeMethodAccessorImpl.invoke(NativeMethodAccessorImpl.java:62)
	at sun.reflect.DelegatingMethodAccessorImpl.invoke(DelegatingMethodAccessorImpl.java:43)
	at java.lang.reflect.Method.invoke(Method.java:498)
	at org.testng.internal.MethodInvocationHelper.invokeMethod(MethodInvocationHelper.java:86)
	at org.testng.internal.Invoker.invokeMethod(Invoker.java:643)
	at org.testng.internal.Invoker.invokeTestMethod(Invoker.java:820)
	at org.testng.internal.Invoker.invokeTestMethods(Invoker.java:1128)
	at org.testng.internal.TestMethodWorker.invokeTestMethods(TestMethodWorker.java:129)
	at org.testng.internal.TestMethodWorker.run(TestMethodWorker.java:112)
	at org.testng.TestRunner.privateRun(TestRunner.java:782)
	at org.testng.TestRunner.run(TestRunner.java:632)
	at org.testng.SuiteRunner.runTest(SuiteRunner.java:366)
	at org.testng.SuiteRunner.runSequentially(SuiteRunner.java:361)
	at org.testng.SuiteRunner.privateRun(SuiteRunner.java:319)
	at org.testng.SuiteRunner.run(SuiteRunner.java:268)
	at org.testng.SuiteRunnerWorker.runSuite(SuiteRunnerWorker.java:52)
	at org.testng.SuiteRunnerWorker.run(SuiteRunnerWorker.java:86)
	at org.testng.TestNG.runSuitesSequentially(TestNG.java:1244)
	at org.testng.TestNG.runSuitesLocally(TestNG.java:1169)
	at org.testng.TestNG.run(TestNG.java:1064)
	at org.testng.remote.AbstractRemoteTestNG.run(AbstractRemoteTestNG.java:115)
	at org.testng.remote.RemoteTestNG.initAndRun(RemoteTestNG.java:251)
	at org.testng.remote.RemoteTestNG.main(RemoteTestNG.java:77)
]]>
    </error>
  </testcase> <!-- validate_PrerollVideo_call_rdp_val_privacy_optout_for_VIRGINIA_To_LGPD_Travel_Scenario -->
  <testcase name="validate_NextGen_IM_call_rdp_val_privacy_optout_for_VIRGINIA" time="0.048" classname="com.twc.ios.app.testcases.AndroidVIRGINIAPrivacyTest"/>
  <testcase name="verify_enabling_Privacy_optin_for_VIRGINIA" time="247.305" classname="com.twc.ios.app.testcases.AndroidVIRGINIAPrivacyTest"/>
  <testcase name="enable_PreConfiguration_for_VIRGINIA_To_USA_Travel_Scenario" time="69.468" classname="com.twc.ios.app.testcases.AndroidVIRGINIAPrivacyTest"/>
  <testcase name="Verify_Criteo_SDK_inapp_v2_Call_privacy_optout_for_VIRGINIA_To_GDPR_Travel_Scenario" time="0.020" classname="com.twc.ios.app.testcases.AndroidVIRGINIAPrivacyTest"/>
  <testcase name="validate_NextGen_IM_Adcall_sod_val_privacy_optout_for_VIRGINIA_To_SERBIA_Travel_Scenario" time="0.191" classname="com.twc.ios.app.testcases.AndroidVIRGINIAPrivacyTest"/>
  <testcase name="Verify_Criteo_SDK_config_app_Call_privacy_optout_for_VIRGINIA_To_GDPR_Travel_Scenario" time="0.028" classname="com.twc.ios.app.testcases.AndroidVIRGINIAPrivacyTest"/>
  <testcase name="Verify_Amazon_Call_for_VIRGINIA" time="0.088" classname="com.twc.ios.app.testcases.AndroidVIRGINIAPrivacyTest"/>
  <testcase name="derive_VideoCall_IU_when_Privacy_optout_for_VIRGINIA_To_SERBIA_Travel_Scenario" time="79.770" classname="com.twc.ios.app.testcases.AndroidVIRGINIAPrivacyTest">
    <failure type="java.lang.AssertionError" message="Ad Call not found in charles session">
      <![CDATA[java.lang.AssertionError: Ad Call not found in charles session
	at org.testng.Assert.fail(Assert.java:94)
	at com.twc.ios.app.general.Utils.get_iu_value_of_Feedcall(Utils.java:9783)
	at com.twc.ios.app.testcases.AndroidVIRGINIAPrivacyTest.derive_VideoCall_IU_when_Privacy_optout_for_VIRGINIA_To_SERBIA_Travel_Scenario(AndroidVIRGINIAPrivacyTest.java:1310)
	at sun.reflect.NativeMethodAccessorImpl.invoke0(Native Method)
	at sun.reflect.NativeMethodAccessorImpl.invoke(NativeMethodAccessorImpl.java:62)
	at sun.reflect.DelegatingMethodAccessorImpl.invoke(DelegatingMethodAccessorImpl.java:43)
	at java.lang.reflect.Method.invoke(Method.java:498)
	at org.testng.internal.MethodInvocationHelper.invokeMethod(MethodInvocationHelper.java:86)
	at org.testng.internal.Invoker.invokeMethod(Invoker.java:643)
	at org.testng.internal.Invoker.invokeTestMethod(Invoker.java:820)
	at org.testng.internal.Invoker.invokeTestMethods(Invoker.java:1128)
	at org.testng.internal.TestMethodWorker.invokeTestMethods(TestMethodWorker.java:129)
	at org.testng.internal.TestMethodWorker.run(TestMethodWorker.java:112)
	at org.testng.TestRunner.privateRun(TestRunner.java:782)
	at org.testng.TestRunner.run(TestRunner.java:632)
	at org.testng.SuiteRunner.runTest(SuiteRunner.java:366)
	at org.testng.SuiteRunner.runSequentially(SuiteRunner.java:361)
	at org.testng.SuiteRunner.privateRun(SuiteRunner.java:319)
	at org.testng.SuiteRunner.run(SuiteRunner.java:268)
	at org.testng.SuiteRunnerWorker.runSuite(SuiteRunnerWorker.java:52)
	at org.testng.SuiteRunnerWorker.run(SuiteRunnerWorker.java:86)
	at org.testng.TestNG.runSuitesSequentially(TestNG.java:1244)
	at org.testng.TestNG.runSuitesLocally(TestNG.java:1169)
	at org.testng.TestNG.run(TestNG.java:1064)
	at org.testng.remote.AbstractRemoteTestNG.run(AbstractRemoteTestNG.java:115)
	at org.testng.remote.RemoteTestNG.initAndRun(RemoteTestNG.java:251)
	at org.testng.remote.RemoteTestNG.main(RemoteTestNG.java:77)
]]>
    </failure>
  </testcase> <!-- derive_VideoCall_IU_when_Privacy_optout_for_VIRGINIA_To_SERBIA_Travel_Scenario -->
  <testcase name="derive_VideoCall_IU_when_Privacy_optout_for_VIRGINIA_To_LGPD_Travel_Scenario" time="80.448" classname="com.twc.ios.app.testcases.AndroidVIRGINIAPrivacyTest">
    <failure type="java.lang.AssertionError" message="Ad Call not found in charles session">
      <![CDATA[java.lang.AssertionError: Ad Call not found in charles session
	at org.testng.Assert.fail(Assert.java:94)
	at com.twc.ios.app.general.Utils.get_iu_value_of_Feedcall(Utils.java:9783)
	at com.twc.ios.app.testcases.AndroidVIRGINIAPrivacyTest.derive_VideoCall_IU_when_Privacy_optout_for_VIRGINIA_To_LGPD_Travel_Scenario(AndroidVIRGINIAPrivacyTest.java:846)
	at sun.reflect.NativeMethodAccessorImpl.invoke0(Native Method)
	at sun.reflect.NativeMethodAccessorImpl.invoke(NativeMethodAccessorImpl.java:62)
	at sun.reflect.DelegatingMethodAccessorImpl.invoke(DelegatingMethodAccessorImpl.java:43)
	at java.lang.reflect.Method.invoke(Method.java:498)
	at org.testng.internal.MethodInvocationHelper.invokeMethod(MethodInvocationHelper.java:86)
	at org.testng.internal.Invoker.invokeMethod(Invoker.java:643)
	at org.testng.internal.Invoker.invokeTestMethod(Invoker.java:820)
	at org.testng.internal.Invoker.invokeTestMethods(Invoker.java:1128)
	at org.testng.internal.TestMethodWorker.invokeTestMethods(TestMethodWorker.java:129)
	at org.testng.internal.TestMethodWorker.run(TestMethodWorker.java:112)
	at org.testng.TestRunner.privateRun(TestRunner.java:782)
	at org.testng.TestRunner.run(TestRunner.java:632)
	at org.testng.SuiteRunner.runTest(SuiteRunner.java:366)
	at org.testng.SuiteRunner.runSequentially(SuiteRunner.java:361)
	at org.testng.SuiteRunner.privateRun(SuiteRunner.java:319)
	at org.testng.SuiteRunner.run(SuiteRunner.java:268)
	at org.testng.SuiteRunnerWorker.runSuite(SuiteRunnerWorker.java:52)
	at org.testng.SuiteRunnerWorker.run(SuiteRunnerWorker.java:86)
	at org.testng.TestNG.runSuitesSequentially(TestNG.java:1244)
	at org.testng.TestNG.runSuitesLocally(TestNG.java:1169)
	at org.testng.TestNG.run(TestNG.java:1064)
	at org.testng.remote.AbstractRemoteTestNG.run(AbstractRemoteTestNG.java:115)
	at org.testng.remote.RemoteTestNG.initAndRun(RemoteTestNG.java:251)
	at org.testng.remote.RemoteTestNG.main(RemoteTestNG.java:77)
]]>
    </failure>
  </testcase> <!-- derive_VideoCall_IU_when_Privacy_optout_for_VIRGINIA_To_LGPD_Travel_Scenario -->
  <testcase name="Verify_Lotame_Call_privacy_optout_for_VIRGINIA_To_SERBIA_Travel_Scenario" time="0.030" classname="com.twc.ios.app.testcases.AndroidVIRGINIAPrivacyTest"/>
  <testcase name="Verify_Amazon_Call_privacy_optout_for_VIRGINIA_To_GDPR_Travel_Scenario" time="0.027" classname="com.twc.ios.app.testcases.AndroidVIRGINIAPrivacyTest"/>
  <testcase name="navigate_To_Feed_Cards_when_Privacy_optout_for_VIRGINIA_To_USA_Travel_Scenario" time="66.159" classname="com.twc.ios.app.testcases.AndroidVIRGINIAPrivacyTest"/>
  <testcase name="Verify_Criteo_SDK_inapp_v2_Call_privacy_optout_for_VIRGINIA_To_LATAMCO_Travel_Scenario" time="0.052" classname="com.twc.ios.app.testcases.AndroidVIRGINIAPrivacyTest"/>
  <testcase name="verify_PrerollAd_call_sod_val_privacy_optout_for_VIRGINIA_To_USA_Travel_Scenario" time="0.006" classname="com.twc.ios.app.testcases.AndroidVIRGINIAPrivacyTest">
    <failure type="java.lang.AssertionError" message="Ad Call :null not found in charles session, hence Custom Parameter: sod validation skipped">
      <![CDATA[java.lang.AssertionError: Ad Call :null not found in charles session, hence Custom Parameter: sod validation skipped
	at org.testng.Assert.fail(Assert.java:94)
	at com.twc.ios.app.general.Utils.validate_custom_param_val_of_gampad(Utils.java:9230)
	at com.twc.ios.app.testcases.AndroidVIRGINIAPrivacyTest.verify_PrerollAd_call_sod_val_privacy_optout_for_VIRGINIA_To_USA_Travel_Scenario(AndroidVIRGINIAPrivacyTest.java:1775)
	at sun.reflect.NativeMethodAccessorImpl.invoke0(Native Method)
	at sun.reflect.NativeMethodAccessorImpl.invoke(NativeMethodAccessorImpl.java:62)
	at sun.reflect.DelegatingMethodAccessorImpl.invoke(DelegatingMethodAccessorImpl.java:43)
	at java.lang.reflect.Method.invoke(Method.java:498)
	at org.testng.internal.MethodInvocationHelper.invokeMethod(MethodInvocationHelper.java:86)
	at org.testng.internal.Invoker.invokeMethod(Invoker.java:643)
	at org.testng.internal.Invoker.invokeTestMethod(Invoker.java:820)
	at org.testng.internal.Invoker.invokeTestMethods(Invoker.java:1128)
	at org.testng.internal.TestMethodWorker.invokeTestMethods(TestMethodWorker.java:129)
	at org.testng.internal.TestMethodWorker.run(TestMethodWorker.java:112)
	at org.testng.TestRunner.privateRun(TestRunner.java:782)
	at org.testng.TestRunner.run(TestRunner.java:632)
	at org.testng.SuiteRunner.runTest(SuiteRunner.java:366)
	at org.testng.SuiteRunner.runSequentially(SuiteRunner.java:361)
	at org.testng.SuiteRunner.privateRun(SuiteRunner.java:319)
	at org.testng.SuiteRunner.run(SuiteRunner.java:268)
	at org.testng.SuiteRunnerWorker.runSuite(SuiteRunnerWorker.java:52)
	at org.testng.SuiteRunnerWorker.run(SuiteRunnerWorker.java:86)
	at org.testng.TestNG.runSuitesSequentially(TestNG.java:1244)
	at org.testng.TestNG.runSuitesLocally(TestNG.java:1169)
	at org.testng.TestNG.run(TestNG.java:1064)
	at org.testng.remote.AbstractRemoteTestNG.run(AbstractRemoteTestNG.java:115)
	at org.testng.remote.RemoteTestNG.initAndRun(RemoteTestNG.java:251)
	at org.testng.remote.RemoteTestNG.main(RemoteTestNG.java:77)
]]>
    </failure>
  </testcase> <!-- verify_PrerollAd_call_sod_val_privacy_optout_for_VIRGINIA_To_USA_Travel_Scenario -->
  <testcase name="Verify_Criteo_SDK_config_app_Call_privacy_optout_for_VIRGINIA_To_LATAMCO_Travel_Scenario" time="0.035" classname="com.twc.ios.app.testcases.AndroidVIRGINIAPrivacyTest"/>
  <testcase name="navigate_To_Feed_Cards_when_Privacy_optout_for_VIRGINIA_To_LGPD_Travel_Scenario" time="65.738" classname="com.twc.ios.app.testcases.AndroidVIRGINIAPrivacyTest"/>
  <testcase name="navigate_To_Feed_Cards_when_Privacy_optin_for_VIRGINIA" time="96.812" classname="com.twc.ios.app.testcases.AndroidVIRGINIAPrivacyTest"/>
  <testcase name="validate_NextGen_IM_call_rdp_val_privacy_optout_for_VIRGINIA_To_USA_Travel_Scenario" time="0.048" classname="com.twc.ios.app.testcases.AndroidVIRGINIAPrivacyTest"/>
  <testcase name="validate_NextGen_IM_call_npa_val_privacy_optout_for_VIRGINIA_To_LATAMCO_Travel_Scenario" time="0.031" classname="com.twc.ios.app.testcases.AndroidVIRGINIAPrivacyTest"/>
  <testcase name="validate_NextGen_IM_call_rdp_val_privacy_optout_for_VIRGINIA_To_LGPD_Travel_Scenario" time="0.025" classname="com.twc.ios.app.testcases.AndroidVIRGINIAPrivacyTest"/>
  <testcase name="validate_Video_call_npa_val_privacy_optout_for_VIRGINIA_To_GDPR_Travel_Scenario" time="0.120" classname="com.twc.ios.app.testcases.AndroidVIRGINIAPrivacyTest"/>
  <testcase name="derive_VideoCall_IU_when_Privacy_optout_for_VIRGINIA_To_LATAMCO_Travel_Scenario" time="80.778" classname="com.twc.ios.app.testcases.AndroidVIRGINIAPrivacyTest">
    <failure type="java.lang.AssertionError" message="Ad Call not found in charles session">
      <![CDATA[java.lang.AssertionError: Ad Call not found in charles session
	at org.testng.Assert.fail(Assert.java:94)
	at com.twc.ios.app.general.Utils.get_iu_value_of_Feedcall(Utils.java:9783)
	at com.twc.ios.app.testcases.AndroidVIRGINIAPrivacyTest.derive_VideoCall_IU_when_Privacy_optout_for_VIRGINIA_To_LATAMCO_Travel_Scenario(AndroidVIRGINIAPrivacyTest.java:1541)
	at sun.reflect.NativeMethodAccessorImpl.invoke0(Native Method)
	at sun.reflect.NativeMethodAccessorImpl.invoke(NativeMethodAccessorImpl.java:62)
	at sun.reflect.DelegatingMethodAccessorImpl.invoke(DelegatingMethodAccessorImpl.java:43)
	at java.lang.reflect.Method.invoke(Method.java:498)
	at org.testng.internal.MethodInvocationHelper.invokeMethod(MethodInvocationHelper.java:86)
	at org.testng.internal.Invoker.invokeMethod(Invoker.java:643)
	at org.testng.internal.Invoker.invokeTestMethod(Invoker.java:820)
	at org.testng.internal.Invoker.invokeTestMethods(Invoker.java:1128)
	at org.testng.internal.TestMethodWorker.invokeTestMethods(TestMethodWorker.java:129)
	at org.testng.internal.TestMethodWorker.run(TestMethodWorker.java:112)
	at org.testng.TestRunner.privateRun(TestRunner.java:782)
	at org.testng.TestRunner.run(TestRunner.java:632)
	at org.testng.SuiteRunner.runTest(SuiteRunner.java:366)
	at org.testng.SuiteRunner.runSequentially(SuiteRunner.java:361)
	at org.testng.SuiteRunner.privateRun(SuiteRunner.java:319)
	at org.testng.SuiteRunner.run(SuiteRunner.java:268)
	at org.testng.SuiteRunnerWorker.runSuite(SuiteRunnerWorker.java:52)
	at org.testng.SuiteRunnerWorker.run(SuiteRunnerWorker.java:86)
	at org.testng.TestNG.runSuitesSequentially(TestNG.java:1244)
	at org.testng.TestNG.runSuitesLocally(TestNG.java:1169)
	at org.testng.TestNG.run(TestNG.java:1064)
	at org.testng.remote.AbstractRemoteTestNG.run(AbstractRemoteTestNG.java:115)
	at org.testng.remote.RemoteTestNG.initAndRun(RemoteTestNG.java:251)
	at org.testng.remote.RemoteTestNG.main(RemoteTestNG.java:77)
]]>
    </failure>
  </testcase> <!-- derive_VideoCall_IU_when_Privacy_optout_for_VIRGINIA_To_LATAMCO_Travel_Scenario -->
  <testcase name="derive_VideoCall_IU_when_Privacy_optout_for_VIRGINIA" time="79.926" classname="com.twc.ios.app.testcases.AndroidVIRGINIAPrivacyTest"/>
  <testcase name="Verify_Criteo_SDK_inapp_v2_Call_privacy_optout_for_VIRGINIA_To_LGPD_Travel_Scenario" time="0.023" classname="com.twc.ios.app.testcases.AndroidVIRGINIAPrivacyTest"/>
  <testcase name="validate_NextGen_IM_Adcall_sod_val_privacy_optout_for_VIRGINIA" time="0.044" classname="com.twc.ios.app.testcases.AndroidVIRGINIAPrivacyTest"/>
  <testcase name="validate_PrerollVideo_call_rdp_val_privacy_optout_for_VIRGINIA_To_USA_Travel_Scenario" time="0.007" classname="com.twc.ios.app.testcases.AndroidVIRGINIAPrivacyTest">
    <failure type="java.lang.AssertionError" message="null ad call is not present">
      <![CDATA[java.lang.AssertionError: null ad call is not present
	at org.testng.Assert.fail(Assert.java:94)
	at com.twc.ios.app.general.Utils.validate_rdp_val_in_gampad_url(Utils.java:3310)
	at com.twc.ios.app.testcases.AndroidVIRGINIAPrivacyTest.validate_PrerollVideo_call_rdp_val_privacy_optout_for_VIRGINIA_To_USA_Travel_Scenario(AndroidVIRGINIAPrivacyTest.java:1788)
	at sun.reflect.NativeMethodAccessorImpl.invoke0(Native Method)
	at sun.reflect.NativeMethodAccessorImpl.invoke(NativeMethodAccessorImpl.java:62)
	at sun.reflect.DelegatingMethodAccessorImpl.invoke(DelegatingMethodAccessorImpl.java:43)
	at java.lang.reflect.Method.invoke(Method.java:498)
	at org.testng.internal.MethodInvocationHelper.invokeMethod(MethodInvocationHelper.java:86)
	at org.testng.internal.Invoker.invokeMethod(Invoker.java:643)
	at org.testng.internal.Invoker.invokeTestMethod(Invoker.java:820)
	at org.testng.internal.Invoker.invokeTestMethods(Invoker.java:1128)
	at org.testng.internal.TestMethodWorker.invokeTestMethods(TestMethodWorker.java:129)
	at org.testng.internal.TestMethodWorker.run(TestMethodWorker.java:112)
	at org.testng.TestRunner.privateRun(TestRunner.java:782)
	at org.testng.TestRunner.run(TestRunner.java:632)
	at org.testng.SuiteRunner.runTest(SuiteRunner.java:366)
	at org.testng.SuiteRunner.runSequentially(SuiteRunner.java:361)
	at org.testng.SuiteRunner.privateRun(SuiteRunner.java:319)
	at org.testng.SuiteRunner.run(SuiteRunner.java:268)
	at org.testng.SuiteRunnerWorker.runSuite(SuiteRunnerWorker.java:52)
	at org.testng.SuiteRunnerWorker.run(SuiteRunnerWorker.java:86)
	at org.testng.TestNG.runSuitesSequentially(TestNG.java:1244)
	at org.testng.TestNG.runSuitesLocally(TestNG.java:1169)
	at org.testng.TestNG.run(TestNG.java:1064)
	at org.testng.remote.AbstractRemoteTestNG.run(AbstractRemoteTestNG.java:115)
	at org.testng.remote.RemoteTestNG.initAndRun(RemoteTestNG.java:251)
	at org.testng.remote.RemoteTestNG.main(RemoteTestNG.java:77)
]]>
    </failure>
  </testcase> <!-- validate_PrerollVideo_call_rdp_val_privacy_optout_for_VIRGINIA_To_USA_Travel_Scenario -->
  <testcase name="validate_PrerollVideo_call_rdp_val_privacy_optout_for_VIRGINIA_To_GDPR_Travel_Scenario" time="240.116" classname="com.twc.ios.app.testcases.AndroidVIRGINIAPrivacyTest"/>
  <testcase name="Verify_LocationWFXTriggers_Call_privacy_optout_for_VIRGINIA" time="0.041" classname="com.twc.ios.app.testcases.AndroidVIRGINIAPrivacyTest"/>
  <testcase name="Verify_LocationWFXTriggers_Call_privacy_optin_for_VIRGINIA" time="0.058" classname="com.twc.ios.app.testcases.AndroidVIRGINIAPrivacyTest"/>
  <testcase name="validate_Video_call_npa_val_privacy_optout_for_VIRGINIA_To_LGPD_Travel_Scenario" time="0.092" classname="com.twc.ios.app.testcases.AndroidVIRGINIAPrivacyTest">
    <error type="java.lang.NullPointerException">
      <![CDATA[java.lang.NullPointerException
	at java.lang.String.contains(String.java:2133)
	at com.twc.ios.app.general.Utils.validate_npa_val_in_gampad_url(Utils.java:3359)
	at com.twc.ios.app.testcases.AndroidVIRGINIAPrivacyTest.validate_Video_call_npa_val_privacy_optout_for_VIRGINIA_To_LGPD_Travel_Scenario(AndroidVIRGINIAPrivacyTest.java:868)
	at sun.reflect.NativeMethodAccessorImpl.invoke0(Native Method)
	at sun.reflect.NativeMethodAccessorImpl.invoke(NativeMethodAccessorImpl.java:62)
	at sun.reflect.DelegatingMethodAccessorImpl.invoke(DelegatingMethodAccessorImpl.java:43)
	at java.lang.reflect.Method.invoke(Method.java:498)
	at org.testng.internal.MethodInvocationHelper.invokeMethod(MethodInvocationHelper.java:86)
	at org.testng.internal.Invoker.invokeMethod(Invoker.java:643)
	at org.testng.internal.Invoker.invokeTestMethod(Invoker.java:820)
	at org.testng.internal.Invoker.invokeTestMethods(Invoker.java:1128)
	at org.testng.internal.TestMethodWorker.invokeTestMethods(TestMethodWorker.java:129)
	at org.testng.internal.TestMethodWorker.run(TestMethodWorker.java:112)
	at org.testng.TestRunner.privateRun(TestRunner.java:782)
	at org.testng.TestRunner.run(TestRunner.java:632)
	at org.testng.SuiteRunner.runTest(SuiteRunner.java:366)
	at org.testng.SuiteRunner.runSequentially(SuiteRunner.java:361)
	at org.testng.SuiteRunner.privateRun(SuiteRunner.java:319)
	at org.testng.SuiteRunner.run(SuiteRunner.java:268)
	at org.testng.SuiteRunnerWorker.runSuite(SuiteRunnerWorker.java:52)
	at org.testng.SuiteRunnerWorker.run(SuiteRunnerWorker.java:86)
	at org.testng.TestNG.runSuitesSequentially(TestNG.java:1244)
	at org.testng.TestNG.runSuitesLocally(TestNG.java:1169)
	at org.testng.TestNG.run(TestNG.java:1064)
	at org.testng.remote.AbstractRemoteTestNG.run(AbstractRemoteTestNG.java:115)
	at org.testng.remote.RemoteTestNG.initAndRun(RemoteTestNG.java:251)
	at org.testng.remote.RemoteTestNG.main(RemoteTestNG.java:77)
]]>
    </error>
  </testcase> <!-- validate_Video_call_npa_val_privacy_optout_for_VIRGINIA_To_LGPD_Travel_Scenario -->
  <testcase name="Verify_Amazon_Call_privacy_optout_for_VIRGINIA_To_LATAMCO_Travel_Scenario" time="0.042" classname="com.twc.ios.app.testcases.AndroidVIRGINIAPrivacyTest"/>
  <testcase name="validate_NextGen_IM_Adcall_sod_val_privacy_optout_for_VIRGINIA_To_USA_Travel_Scenario" time="0.049" classname="com.twc.ios.app.testcases.AndroidVIRGINIAPrivacyTest"/>
  <testcase name="navigate_To_Feed_Cards_when_Privacy_optout_for_VIRGINIA_To_LATAMCO_Travel_Scenario" time="66.184" classname="com.twc.ios.app.testcases.AndroidVIRGINIAPrivacyTest"/>
  <testcase name="Verify_LocationWFXTriggers_Call_privacy_optout_for_VIRGINIA_To_SERBIA_Travel_Scenario" time="0.033" classname="com.twc.ios.app.testcases.AndroidVIRGINIAPrivacyTest"/>
  <testcase name="verify_PrerollAd_call_sod_val_privacy_optout_for_VIRGINIA_To_LATAMCO_Travel_Scenario" time="0.009" classname="com.twc.ios.app.testcases.AndroidVIRGINIAPrivacyTest">
    <failure type="java.lang.AssertionError" message="Ad Call :null not found in charles session, hence Custom Parameter: sod validation skipped">
      <![CDATA[java.lang.AssertionError: Ad Call :null not found in charles session, hence Custom Parameter: sod validation skipped
	at org.testng.Assert.fail(Assert.java:94)
	at com.twc.ios.app.general.Utils.validate_custom_param_val_of_gampad(Utils.java:9230)
	at com.twc.ios.app.testcases.AndroidVIRGINIAPrivacyTest.verify_PrerollAd_call_sod_val_privacy_optout_for_VIRGINIA_To_LATAMCO_Travel_Scenario(AndroidVIRGINIAPrivacyTest.java:1553)
	at sun.reflect.NativeMethodAccessorImpl.invoke0(Native Method)
	at sun.reflect.NativeMethodAccessorImpl.invoke(NativeMethodAccessorImpl.java:62)
	at sun.reflect.DelegatingMethodAccessorImpl.invoke(DelegatingMethodAccessorImpl.java:43)
	at java.lang.reflect.Method.invoke(Method.java:498)
	at org.testng.internal.MethodInvocationHelper.invokeMethod(MethodInvocationHelper.java:86)
	at org.testng.internal.Invoker.invokeMethod(Invoker.java:643)
	at org.testng.internal.Invoker.invokeTestMethod(Invoker.java:820)
	at org.testng.internal.Invoker.invokeTestMethods(Invoker.java:1128)
	at org.testng.internal.TestMethodWorker.invokeTestMethods(TestMethodWorker.java:129)
	at org.testng.internal.TestMethodWorker.run(TestMethodWorker.java:112)
	at org.testng.TestRunner.privateRun(TestRunner.java:782)
	at org.testng.TestRunner.run(TestRunner.java:632)
	at org.testng.SuiteRunner.runTest(SuiteRunner.java:366)
	at org.testng.SuiteRunner.runSequentially(SuiteRunner.java:361)
	at org.testng.SuiteRunner.privateRun(SuiteRunner.java:319)
	at org.testng.SuiteRunner.run(SuiteRunner.java:268)
	at org.testng.SuiteRunnerWorker.runSuite(SuiteRunnerWorker.java:52)
	at org.testng.SuiteRunnerWorker.run(SuiteRunnerWorker.java:86)
	at org.testng.TestNG.runSuitesSequentially(TestNG.java:1244)
	at org.testng.TestNG.runSuitesLocally(TestNG.java:1169)
	at org.testng.TestNG.run(TestNG.java:1064)
	at org.testng.remote.AbstractRemoteTestNG.run(AbstractRemoteTestNG.java:115)
	at org.testng.remote.RemoteTestNG.initAndRun(RemoteTestNG.java:251)
	at org.testng.remote.RemoteTestNG.main(RemoteTestNG.java:77)
]]>
    </failure>
  </testcase> <!-- verify_PrerollAd_call_sod_val_privacy_optout_for_VIRGINIA_To_LATAMCO_Travel_Scenario -->
  <testcase name="enable_PreConfiguration_for_VIRGINIA_To_LGPD_Travel_Scenario" time="138.360" classname="com.twc.ios.app.testcases.AndroidVIRGINIAPrivacyTest"/>
  <testcase name="validate_NextGen_IM_Adcall_sod_val_privacy_optout_for_VIRGINIA_To_GDPR_Travel_Scenario" time="0.028" classname="com.twc.ios.app.testcases.AndroidVIRGINIAPrivacyTest"/>
  <testcase name="validate_Video_call_npa_val_privacy_optout_for_VIRGINIA_To_SERBIA_Travel_Scenario" time="0.135" classname="com.twc.ios.app.testcases.AndroidVIRGINIAPrivacyTest">
    <error type="java.lang.NullPointerException">
      <![CDATA[java.lang.NullPointerException
	at java.lang.String.contains(String.java:2133)
	at com.twc.ios.app.general.Utils.validate_npa_val_in_gampad_url(Utils.java:3359)
	at com.twc.ios.app.testcases.AndroidVIRGINIAPrivacyTest.validate_Video_call_npa_val_privacy_optout_for_VIRGINIA_To_SERBIA_Travel_Scenario(AndroidVIRGINIAPrivacyTest.java:1332)
	at sun.reflect.NativeMethodAccessorImpl.invoke0(Native Method)
	at sun.reflect.NativeMethodAccessorImpl.invoke(NativeMethodAccessorImpl.java:62)
	at sun.reflect.DelegatingMethodAccessorImpl.invoke(DelegatingMethodAccessorImpl.java:43)
	at java.lang.reflect.Method.invoke(Method.java:498)
	at org.testng.internal.MethodInvocationHelper.invokeMethod(MethodInvocationHelper.java:86)
	at org.testng.internal.Invoker.invokeMethod(Invoker.java:643)
	at org.testng.internal.Invoker.invokeTestMethod(Invoker.java:820)
	at org.testng.internal.Invoker.invokeTestMethods(Invoker.java:1128)
	at org.testng.internal.TestMethodWorker.invokeTestMethods(TestMethodWorker.java:129)
	at org.testng.internal.TestMethodWorker.run(TestMethodWorker.java:112)
	at org.testng.TestRunner.privateRun(TestRunner.java:782)
	at org.testng.TestRunner.run(TestRunner.java:632)
	at org.testng.SuiteRunner.runTest(SuiteRunner.java:366)
	at org.testng.SuiteRunner.runSequentially(SuiteRunner.java:361)
	at org.testng.SuiteRunner.privateRun(SuiteRunner.java:319)
	at org.testng.SuiteRunner.run(SuiteRunner.java:268)
	at org.testng.SuiteRunnerWorker.runSuite(SuiteRunnerWorker.java:52)
	at org.testng.SuiteRunnerWorker.run(SuiteRunnerWorker.java:86)
	at org.testng.TestNG.runSuitesSequentially(TestNG.java:1244)
	at org.testng.TestNG.runSuitesLocally(TestNG.java:1169)
	at org.testng.TestNG.run(TestNG.java:1064)
	at org.testng.remote.AbstractRemoteTestNG.run(AbstractRemoteTestNG.java:115)
	at org.testng.remote.RemoteTestNG.initAndRun(RemoteTestNG.java:251)
	at org.testng.remote.RemoteTestNG.main(RemoteTestNG.java:77)
]]>
    </error>
  </testcase> <!-- validate_Video_call_npa_val_privacy_optout_for_VIRGINIA_To_SERBIA_Travel_Scenario -->
  <testcase name="Verify_Criteo_SDK_config_app_Call_privacy_optout_for_VIRGINIA_To_LGPD_Travel_Scenario" time="0.025" classname="com.twc.ios.app.testcases.AndroidVIRGINIAPrivacyTest"/>
  <testcase name="verify_PrerollAd_call_sod_val_privacy_optin_for_VIRGINIA" time="0.079" classname="com.twc.ios.app.testcases.AndroidVIRGINIAPrivacyTest">
    <error type="java.lang.NullPointerException">
      <![CDATA[java.lang.NullPointerException
	at java.lang.String.contains(String.java:2133)
	at com.twc.ios.app.general.Utils.validate_custom_param_val_of_gampad(Utils.java:9208)
	at com.twc.ios.app.testcases.AndroidVIRGINIAPrivacyTest.verify_PrerollAd_call_sod_val_privacy_optin_for_VIRGINIA(AndroidVIRGINIAPrivacyTest.java:410)
	at sun.reflect.NativeMethodAccessorImpl.invoke0(Native Method)
	at sun.reflect.NativeMethodAccessorImpl.invoke(NativeMethodAccessorImpl.java:62)
	at sun.reflect.DelegatingMethodAccessorImpl.invoke(DelegatingMethodAccessorImpl.java:43)
	at java.lang.reflect.Method.invoke(Method.java:498)
	at org.testng.internal.MethodInvocationHelper.invokeMethod(MethodInvocationHelper.java:86)
	at org.testng.internal.Invoker.invokeMethod(Invoker.java:643)
	at org.testng.internal.Invoker.invokeTestMethod(Invoker.java:820)
	at org.testng.internal.Invoker.invokeTestMethods(Invoker.java:1128)
	at org.testng.internal.TestMethodWorker.invokeTestMethods(TestMethodWorker.java:129)
	at org.testng.internal.TestMethodWorker.run(TestMethodWorker.java:112)
	at org.testng.TestRunner.privateRun(TestRunner.java:782)
	at org.testng.TestRunner.run(TestRunner.java:632)
	at org.testng.SuiteRunner.runTest(SuiteRunner.java:366)
	at org.testng.SuiteRunner.runSequentially(SuiteRunner.java:361)
	at org.testng.SuiteRunner.privateRun(SuiteRunner.java:319)
	at org.testng.SuiteRunner.run(SuiteRunner.java:268)
	at org.testng.SuiteRunnerWorker.runSuite(SuiteRunnerWorker.java:52)
	at org.testng.SuiteRunnerWorker.run(SuiteRunnerWorker.java:86)
	at org.testng.TestNG.runSuitesSequentially(TestNG.java:1244)
	at org.testng.TestNG.runSuitesLocally(TestNG.java:1169)
	at org.testng.TestNG.run(TestNG.java:1064)
	at org.testng.remote.AbstractRemoteTestNG.run(AbstractRemoteTestNG.java:115)
	at org.testng.remote.RemoteTestNG.initAndRun(RemoteTestNG.java:251)
	at org.testng.remote.RemoteTestNG.main(RemoteTestNG.java:77)
]]>
    </error>
  </testcase> <!-- verify_PrerollAd_call_sod_val_privacy_optin_for_VIRGINIA -->
  <testcase name="validate_NextGen_IM_call_npa_val_privacy_optout_for_VIRGINIA_To_LGPD_Travel_Scenario" time="0.026" classname="com.twc.ios.app.testcases.AndroidVIRGINIAPrivacyTest"/>
  <testcase name="verify_PrerollAd_call_sod_val_privacy_optout_for_VIRGINIA_To_SERBIA_Travel_Scenario" time="0.104" classname="com.twc.ios.app.testcases.AndroidVIRGINIAPrivacyTest">
    <error type="java.lang.NullPointerException">
      <![CDATA[java.lang.NullPointerException
	at java.lang.String.contains(String.java:2133)
	at com.twc.ios.app.general.Utils.validate_custom_param_val_of_gampad(Utils.java:9208)
	at com.twc.ios.app.testcases.AndroidVIRGINIAPrivacyTest.verify_PrerollAd_call_sod_val_privacy_optout_for_VIRGINIA_To_SERBIA_Travel_Scenario(AndroidVIRGINIAPrivacyTest.java:1321)
	at sun.reflect.NativeMethodAccessorImpl.invoke0(Native Method)
	at sun.reflect.NativeMethodAccessorImpl.invoke(NativeMethodAccessorImpl.java:62)
	at sun.reflect.DelegatingMethodAccessorImpl.invoke(DelegatingMethodAccessorImpl.java:43)
	at java.lang.reflect.Method.invoke(Method.java:498)
	at org.testng.internal.MethodInvocationHelper.invokeMethod(MethodInvocationHelper.java:86)
	at org.testng.internal.Invoker.invokeMethod(Invoker.java:643)
	at org.testng.internal.Invoker.invokeTestMethod(Invoker.java:820)
	at org.testng.internal.Invoker.invokeTestMethods(Invoker.java:1128)
	at org.testng.internal.TestMethodWorker.invokeTestMethods(TestMethodWorker.java:129)
	at org.testng.internal.TestMethodWorker.run(TestMethodWorker.java:112)
	at org.testng.TestRunner.privateRun(TestRunner.java:782)
	at org.testng.TestRunner.run(TestRunner.java:632)
	at org.testng.SuiteRunner.runTest(SuiteRunner.java:366)
	at org.testng.SuiteRunner.runSequentially(SuiteRunner.java:361)
	at org.testng.SuiteRunner.privateRun(SuiteRunner.java:319)
	at org.testng.SuiteRunner.run(SuiteRunner.java:268)
	at org.testng.SuiteRunnerWorker.runSuite(SuiteRunnerWorker.java:52)
	at org.testng.SuiteRunnerWorker.run(SuiteRunnerWorker.java:86)
	at org.testng.TestNG.runSuitesSequentially(TestNG.java:1244)
	at org.testng.TestNG.runSuitesLocally(TestNG.java:1169)
	at org.testng.TestNG.run(TestNG.java:1064)
	at org.testng.remote.AbstractRemoteTestNG.run(AbstractRemoteTestNG.java:115)
	at org.testng.remote.RemoteTestNG.initAndRun(RemoteTestNG.java:251)
	at org.testng.remote.RemoteTestNG.main(RemoteTestNG.java:77)
]]>
    </error>
  </testcase> <!-- verify_PrerollAd_call_sod_val_privacy_optout_for_VIRGINIA_To_SERBIA_Travel_Scenario -->
  <testcase name="Verify_Criteo_SDK_config_app_Call_privacy_optin_for_VIRGINIA" time="0.060" classname="com.twc.ios.app.testcases.AndroidVIRGINIAPrivacyTest"/>
  <testcase name="verify_PrerollAd_call_sod_val_privacy_optout_for_VIRGINIA_To_LGPD_Travel_Scenario" time="0.082" classname="com.twc.ios.app.testcases.AndroidVIRGINIAPrivacyTest">
    <error type="java.lang.NullPointerException">
      <![CDATA[java.lang.NullPointerException
	at java.lang.String.contains(String.java:2133)
	at com.twc.ios.app.general.Utils.validate_custom_param_val_of_gampad(Utils.java:9208)
	at com.twc.ios.app.testcases.AndroidVIRGINIAPrivacyTest.verify_PrerollAd_call_sod_val_privacy_optout_for_VIRGINIA_To_LGPD_Travel_Scenario(AndroidVIRGINIAPrivacyTest.java:857)
	at sun.reflect.NativeMethodAccessorImpl.invoke0(Native Method)
	at sun.reflect.NativeMethodAccessorImpl.invoke(NativeMethodAccessorImpl.java:62)
	at sun.reflect.DelegatingMethodAccessorImpl.invoke(DelegatingMethodAccessorImpl.java:43)
	at java.lang.reflect.Method.invoke(Method.java:498)
	at org.testng.internal.MethodInvocationHelper.invokeMethod(MethodInvocationHelper.java:86)
	at org.testng.internal.Invoker.invokeMethod(Invoker.java:643)
	at org.testng.internal.Invoker.invokeTestMethod(Invoker.java:820)
	at org.testng.internal.Invoker.invokeTestMethods(Invoker.java:1128)
	at org.testng.internal.TestMethodWorker.invokeTestMethods(TestMethodWorker.java:129)
	at org.testng.internal.TestMethodWorker.run(TestMethodWorker.java:112)
	at org.testng.TestRunner.privateRun(TestRunner.java:782)
	at org.testng.TestRunner.run(TestRunner.java:632)
	at org.testng.SuiteRunner.runTest(SuiteRunner.java:366)
	at org.testng.SuiteRunner.runSequentially(SuiteRunner.java:361)
	at org.testng.SuiteRunner.privateRun(SuiteRunner.java:319)
	at org.testng.SuiteRunner.run(SuiteRunner.java:268)
	at org.testng.SuiteRunnerWorker.runSuite(SuiteRunnerWorker.java:52)
	at org.testng.SuiteRunnerWorker.run(SuiteRunnerWorker.java:86)
	at org.testng.TestNG.runSuitesSequentially(TestNG.java:1244)
	at org.testng.TestNG.runSuitesLocally(TestNG.java:1169)
	at org.testng.TestNG.run(TestNG.java:1064)
	at org.testng.remote.AbstractRemoteTestNG.run(AbstractRemoteTestNG.java:115)
	at org.testng.remote.RemoteTestNG.initAndRun(RemoteTestNG.java:251)
	at org.testng.remote.RemoteTestNG.main(RemoteTestNG.java:77)
]]>
    </error>
  </testcase> <!-- verify_PrerollAd_call_sod_val_privacy_optout_for_VIRGINIA_To_LGPD_Travel_Scenario -->
  <testcase name="validate_PrerollVideo_call_rdp_val_privacy_optout_for_VIRGINIA_To_LATAMCO_Travel_Scenario" time="0.011" classname="com.twc.ios.app.testcases.AndroidVIRGINIAPrivacyTest">
    <failure type="java.lang.AssertionError" message="null ad call is not present">
      <![CDATA[java.lang.AssertionError: null ad call is not present
	at org.testng.Assert.fail(Assert.java:94)
	at com.twc.ios.app.general.Utils.validate_rdp_val_in_gampad_url(Utils.java:3310)
	at com.twc.ios.app.testcases.AndroidVIRGINIAPrivacyTest.validate_PrerollVideo_call_rdp_val_privacy_optout_for_VIRGINIA_To_LATAMCO_Travel_Scenario(AndroidVIRGINIAPrivacyTest.java:1576)
	at sun.reflect.NativeMethodAccessorImpl.invoke0(Native Method)
	at sun.reflect.NativeMethodAccessorImpl.invoke(NativeMethodAccessorImpl.java:62)
	at sun.reflect.DelegatingMethodAccessorImpl.invoke(DelegatingMethodAccessorImpl.java:43)
	at java.lang.reflect.Method.invoke(Method.java:498)
	at org.testng.internal.MethodInvocationHelper.invokeMethod(MethodInvocationHelper.java:86)
	at org.testng.internal.Invoker.invokeMethod(Invoker.java:643)
	at org.testng.internal.Invoker.invokeTestMethod(Invoker.java:820)
	at org.testng.internal.Invoker.invokeTestMethods(Invoker.java:1128)
	at org.testng.internal.TestMethodWorker.invokeTestMethods(TestMethodWorker.java:129)
	at org.testng.internal.TestMethodWorker.run(TestMethodWorker.java:112)
	at org.testng.TestRunner.privateRun(TestRunner.java:782)
	at org.testng.TestRunner.run(TestRunner.java:632)
	at org.testng.SuiteRunner.runTest(SuiteRunner.java:366)
	at org.testng.SuiteRunner.runSequentially(SuiteRunner.java:361)
	at org.testng.SuiteRunner.privateRun(SuiteRunner.java:319)
	at org.testng.SuiteRunner.run(SuiteRunner.java:268)
	at org.testng.SuiteRunnerWorker.runSuite(SuiteRunnerWorker.java:52)
	at org.testng.SuiteRunnerWorker.run(SuiteRunnerWorker.java:86)
	at org.testng.TestNG.runSuitesSequentially(TestNG.java:1244)
	at org.testng.TestNG.runSuitesLocally(TestNG.java:1169)
	at org.testng.TestNG.run(TestNG.java:1064)
	at org.testng.remote.AbstractRemoteTestNG.run(AbstractRemoteTestNG.java:115)
	at org.testng.remote.RemoteTestNG.initAndRun(RemoteTestNG.java:251)
	at org.testng.remote.RemoteTestNG.main(RemoteTestNG.java:77)
]]>
    </failure>
  </testcase> <!-- validate_PrerollVideo_call_rdp_val_privacy_optout_for_VIRGINIA_To_LATAMCO_Travel_Scenario -->
  <testcase name="Verify_WFXTriggers_Call_privacy_optin_for_VIRGINIA" time="0.057" classname="com.twc.ios.app.testcases.AndroidVIRGINIAPrivacyTest"/>
  <testcase name="validate_NextGen_IM_call_npa_val_privacy_optout_for_VIRGINIA_To_SERBIA_Travel_Scenario" time="0.041" classname="com.twc.ios.app.testcases.AndroidVIRGINIAPrivacyTest"/>
  <testcase name="Verify_Amazon_Call_privacy_optout_for_VIRGINIA_To_LGPD_Travel_Scenario" time="0.024" classname="com.twc.ios.app.testcases.AndroidVIRGINIAPrivacyTest"/>
  <testcase name="derive_VideoCall_IU_when_Privacy_optout_for_VIRGINIA_To_GDPR_Travel_Scenario" time="85.458" classname="com.twc.ios.app.testcases.AndroidVIRGINIAPrivacyTest"/>
  <testcase name="validate_PrerollVideo_call_rdp_val_privacy_optin_for_VIRGINIA" time="0.086" classname="com.twc.ios.app.testcases.AndroidVIRGINIAPrivacyTest">
    <error type="java.lang.NullPointerException">
      <![CDATA[java.lang.NullPointerException
	at java.lang.String.contains(String.java:2133)
	at com.twc.ios.app.general.Utils.validate_rdp_val_in_gampad_url(Utils.java:3266)
	at com.twc.ios.app.testcases.AndroidVIRGINIAPrivacyTest.validate_PrerollVideo_call_rdp_val_privacy_optin_for_VIRGINIA(AndroidVIRGINIAPrivacyTest.java:421)
	at sun.reflect.NativeMethodAccessorImpl.invoke0(Native Method)
	at sun.reflect.NativeMethodAccessorImpl.invoke(NativeMethodAccessorImpl.java:62)
	at sun.reflect.DelegatingMethodAccessorImpl.invoke(DelegatingMethodAccessorImpl.java:43)
	at java.lang.reflect.Method.invoke(Method.java:498)
	at org.testng.internal.MethodInvocationHelper.invokeMethod(MethodInvocationHelper.java:86)
	at org.testng.internal.Invoker.invokeMethod(Invoker.java:643)
	at org.testng.internal.Invoker.invokeTestMethod(Invoker.java:820)
	at org.testng.internal.Invoker.invokeTestMethods(Invoker.java:1128)
	at org.testng.internal.TestMethodWorker.invokeTestMethods(TestMethodWorker.java:129)
	at org.testng.internal.TestMethodWorker.run(TestMethodWorker.java:112)
	at org.testng.TestRunner.privateRun(TestRunner.java:782)
	at org.testng.TestRunner.run(TestRunner.java:632)
	at org.testng.SuiteRunner.runTest(SuiteRunner.java:366)
	at org.testng.SuiteRunner.runSequentially(SuiteRunner.java:361)
	at org.testng.SuiteRunner.privateRun(SuiteRunner.java:319)
	at org.testng.SuiteRunner.run(SuiteRunner.java:268)
	at org.testng.SuiteRunnerWorker.runSuite(SuiteRunnerWorker.java:52)
	at org.testng.SuiteRunnerWorker.run(SuiteRunnerWorker.java:86)
	at org.testng.TestNG.runSuitesSequentially(TestNG.java:1244)
	at org.testng.TestNG.runSuitesLocally(TestNG.java:1169)
	at org.testng.TestNG.run(TestNG.java:1064)
	at org.testng.remote.AbstractRemoteTestNG.run(AbstractRemoteTestNG.java:115)
	at org.testng.remote.RemoteTestNG.initAndRun(RemoteTestNG.java:251)
	at org.testng.remote.RemoteTestNG.main(RemoteTestNG.java:77)
]]>
    </error>
  </testcase> <!-- validate_PrerollVideo_call_rdp_val_privacy_optin_for_VIRGINIA -->
  <testcase name="preConditionsTest_for_VIRGINIA" time="260.642" classname="com.twc.ios.app.testcases.AndroidVIRGINIAPrivacyTest"/>
  <testcase name="validate_NextGen_IM_call_npa_val_privacy_optout_for_VIRGINIA_To_GDPR_Travel_Scenario" time="0.025" classname="com.twc.ios.app.testcases.AndroidVIRGINIAPrivacyTest"/>
  <testcase name="Verify_Amazon_Call_privacy_optout_for_VIRGINIA_To_USA_Travel_Scenario" time="0.050" classname="com.twc.ios.app.testcases.AndroidVIRGINIAPrivacyTest"/>
  <testcase name="verify_enabling_Privacy_optout_for_VIRGINIA" time="252.952" classname="com.twc.ios.app.testcases.AndroidVIRGINIAPrivacyTest"/>
  <testcase name="Verify_Criteo_SDK_config_app_Call_privacy_optout_for_VIRGINIA_To_USA_Travel_Scenario" time="0.048" classname="com.twc.ios.app.testcases.AndroidVIRGINIAPrivacyTest"/>
  <testcase name="Verify_Criteo_SDK_inapp_v2_Call_privacy_optout_for_VIRGINIA_To_SERBIA_Travel_Scenario" time="0.050" classname="com.twc.ios.app.testcases.AndroidVIRGINIAPrivacyTest"/>
  <testcase name="verify_Daily_details_call_sod_val_privacy_optin_for_VIRGINIA" time="0.098" classname="com.twc.ios.app.testcases.AndroidVIRGINIAPrivacyTest"/>
  <testcase name="validate_NextGen_IM_call_rdp_val_privacy_optout_for_VIRGINIA_To_GDPR_Travel_Scenario" time="0.023" classname="com.twc.ios.app.testcases.AndroidVIRGINIAPrivacyTest"/>
  <testcase name="Verify_WFXTriggers_Call_privacy_optout_for_VIRGINIA" time="0.041" classname="com.twc.ios.app.testcases.AndroidVIRGINIAPrivacyTest"/>
  <testcase name="verify_Daily_details_call_sod_val_privacy_optout_for_VIRGINIA" time="0.051" classname="com.twc.ios.app.testcases.AndroidVIRGINIAPrivacyTest"/>
  <testcase name="validate_NextGen_IM_Adcall_sod_val_privacy_optin_for_VIRGINIA" time="0.123" classname="com.twc.ios.app.testcases.AndroidVIRGINIAPrivacyTest"/>
  <testcase name="Verify_LocationWFXTriggers_Call_privacy_optout_for_VIRGINIA_To_LATAMCO_Travel_Scenario" time="0.056" classname="com.twc.ios.app.testcases.AndroidVIRGINIAPrivacyTest"/>
  <testcase name="navigate_To_Feed_Cards_when_Privacy_optout_for_VIRGINIA_To_SERBIA_Travel_Scenario" time="66.154" classname="com.twc.ios.app.testcases.AndroidVIRGINIAPrivacyTest"/>
  <testcase name="Verify_Criteo_SDK_inapp_v2_Call_privacy_optout_for_VIRGINIA" time="0.044" classname="com.twc.ios.app.testcases.AndroidVIRGINIAPrivacyTest"/>
  <testcase name="validate_NextGen_IM_call_rdp_val_privacy_optin_for_VIRGINIA" time="0.048" classname="com.twc.ios.app.testcases.AndroidVIRGINIAPrivacyTest"/>
  <testcase name="navigate_To_Feed_Cards_when_Privacy_optout_for_VIRGINIA_To_GDPR_Travel_Scenario" time="65.917" classname="com.twc.ios.app.testcases.AndroidVIRGINIAPrivacyTest"/>
  <testcase name="validate_NextGen_IM_call_rdp_val_privacy_optout_for_VIRGINIA_To_LATAMCO_Travel_Scenario" time="0.032" classname="com.twc.ios.app.testcases.AndroidVIRGINIAPrivacyTest"/>
  <testcase name="validate_NextGen_IM_Adcall_sod_val_privacy_optout_for_VIRGINIA_To_LGPD_Travel_Scenario" time="0.024" classname="com.twc.ios.app.testcases.AndroidVIRGINIAPrivacyTest"/>
  <testcase name="Verify_LocationWFXTriggers_Call_privacy_optout_for_VIRGINIA_To_GDPR_Travel_Scenario" time="0.027" classname="com.twc.ios.app.testcases.AndroidVIRGINIAPrivacyTest"/>
  <testcase name="validate_NextGen_IM_call_rdp_val_privacy_optout_for_VIRGINIA_To_SERBIA_Travel_Scenario" time="0.036" classname="com.twc.ios.app.testcases.AndroidVIRGINIAPrivacyTest"/>
  <testcase name="validate_PrerollVideo_call_rdp_val_privacy_optout_for_VIRGINIA_To_SERBIA_Travel_Scenario" time="0.121" classname="com.twc.ios.app.testcases.AndroidVIRGINIAPrivacyTest">
    <error type="java.lang.NullPointerException">
      <![CDATA[java.lang.NullPointerException
	at java.lang.String.contains(String.java:2133)
	at com.twc.ios.app.general.Utils.validate_rdp_val_in_gampad_url(Utils.java:3266)
	at com.twc.ios.app.testcases.AndroidVIRGINIAPrivacyTest.validate_PrerollVideo_call_rdp_val_privacy_optout_for_VIRGINIA_To_SERBIA_Travel_Scenario(AndroidVIRGINIAPrivacyTest.java:1344)
	at sun.reflect.NativeMethodAccessorImpl.invoke0(Native Method)
	at sun.reflect.NativeMethodAccessorImpl.invoke(NativeMethodAccessorImpl.java:62)
	at sun.reflect.DelegatingMethodAccessorImpl.invoke(DelegatingMethodAccessorImpl.java:43)
	at java.lang.reflect.Method.invoke(Method.java:498)
	at org.testng.internal.MethodInvocationHelper.invokeMethod(MethodInvocationHelper.java:86)
	at org.testng.internal.Invoker.invokeMethod(Invoker.java:643)
	at org.testng.internal.Invoker.invokeTestMethod(Invoker.java:820)
	at org.testng.internal.Invoker.invokeTestMethods(Invoker.java:1128)
	at org.testng.internal.TestMethodWorker.invokeTestMethods(TestMethodWorker.java:129)
	at org.testng.internal.TestMethodWorker.run(TestMethodWorker.java:112)
	at org.testng.TestRunner.privateRun(TestRunner.java:782)
	at org.testng.TestRunner.run(TestRunner.java:632)
	at org.testng.SuiteRunner.runTest(SuiteRunner.java:366)
	at org.testng.SuiteRunner.runSequentially(SuiteRunner.java:361)
	at org.testng.SuiteRunner.privateRun(SuiteRunner.java:319)
	at org.testng.SuiteRunner.run(SuiteRunner.java:268)
	at org.testng.SuiteRunnerWorker.runSuite(SuiteRunnerWorker.java:52)
	at org.testng.SuiteRunnerWorker.run(SuiteRunnerWorker.java:86)
	at org.testng.TestNG.runSuitesSequentially(TestNG.java:1244)
	at org.testng.TestNG.runSuitesLocally(TestNG.java:1169)
	at org.testng.TestNG.run(TestNG.java:1064)
	at org.testng.remote.AbstractRemoteTestNG.run(AbstractRemoteTestNG.java:115)
	at org.testng.remote.RemoteTestNG.initAndRun(RemoteTestNG.java:251)
	at org.testng.remote.RemoteTestNG.main(RemoteTestNG.java:77)
]]>
    </error>
  </testcase> <!-- validate_PrerollVideo_call_rdp_val_privacy_optout_for_VIRGINIA_To_SERBIA_Travel_Scenario -->
  <testcase name="derive_VideoCall_IU_when_Privacy_optout_for_VIRGINIA_To_USA_Travel_Scenario" time="80.990" classname="com.twc.ios.app.testcases.AndroidVIRGINIAPrivacyTest">
    <failure type="java.lang.AssertionError" message="Ad Call not found in charles session">
      <![CDATA[java.lang.AssertionError: Ad Call not found in charles session
	at org.testng.Assert.fail(Assert.java:94)
	at com.twc.ios.app.general.Utils.get_iu_value_of_Feedcall(Utils.java:9783)
	at com.twc.ios.app.testcases.AndroidVIRGINIAPrivacyTest.derive_VideoCall_IU_when_Privacy_optout_for_VIRGINIA_To_USA_Travel_Scenario(AndroidVIRGINIAPrivacyTest.java:1764)
	at sun.reflect.NativeMethodAccessorImpl.invoke0(Native Method)
	at sun.reflect.NativeMethodAccessorImpl.invoke(NativeMethodAccessorImpl.java:62)
	at sun.reflect.DelegatingMethodAccessorImpl.invoke(DelegatingMethodAccessorImpl.java:43)
	at java.lang.reflect.Method.invoke(Method.java:498)
	at org.testng.internal.MethodInvocationHelper.invokeMethod(MethodInvocationHelper.java:86)
	at org.testng.internal.Invoker.invokeMethod(Invoker.java:643)
	at org.testng.internal.Invoker.invokeTestMethod(Invoker.java:820)
	at org.testng.internal.Invoker.invokeTestMethods(Invoker.java:1128)
	at org.testng.internal.TestMethodWorker.invokeTestMethods(TestMethodWorker.java:129)
	at org.testng.internal.TestMethodWorker.run(TestMethodWorker.java:112)
	at org.testng.TestRunner.privateRun(TestRunner.java:782)
	at org.testng.TestRunner.run(TestRunner.java:632)
	at org.testng.SuiteRunner.runTest(SuiteRunner.java:366)
	at org.testng.SuiteRunner.runSequentially(SuiteRunner.java:361)
	at org.testng.SuiteRunner.privateRun(SuiteRunner.java:319)
	at org.testng.SuiteRunner.run(SuiteRunner.java:268)
	at org.testng.SuiteRunnerWorker.runSuite(SuiteRunnerWorker.java:52)
	at org.testng.SuiteRunnerWorker.run(SuiteRunnerWorker.java:86)
	at org.testng.TestNG.runSuitesSequentially(TestNG.java:1244)
	at org.testng.TestNG.runSuitesLocally(TestNG.java:1169)
	at org.testng.TestNG.run(TestNG.java:1064)
	at org.testng.remote.AbstractRemoteTestNG.run(AbstractRemoteTestNG.java:115)
	at org.testng.remote.RemoteTestNG.initAndRun(RemoteTestNG.java:251)
	at org.testng.remote.RemoteTestNG.main(RemoteTestNG.java:77)
]]>
    </failure>
  </testcase> <!-- derive_VideoCall_IU_when_Privacy_optout_for_VIRGINIA_To_USA_Travel_Scenario -->
  <testcase name="derive_VideoCall_IU_when_Privacy_optin_for_VIRGINIA" time="79.727" classname="com.twc.ios.app.testcases.AndroidVIRGINIAPrivacyTest">
    <failure type="java.lang.AssertionError" message="Ad Call not found in charles session">
      <![CDATA[java.lang.AssertionError: Ad Call not found in charles session
	at org.testng.Assert.fail(Assert.java:94)
	at com.twc.ios.app.general.Utils.get_iu_value_of_Feedcall(Utils.java:9783)
	at com.twc.ios.app.testcases.AndroidVIRGINIAPrivacyTest.derive_VideoCall_IU_when_Privacy_optin_for_VIRGINIA(AndroidVIRGINIAPrivacyTest.java:400)
	at sun.reflect.NativeMethodAccessorImpl.invoke0(Native Method)
	at sun.reflect.NativeMethodAccessorImpl.invoke(NativeMethodAccessorImpl.java:62)
	at sun.reflect.DelegatingMethodAccessorImpl.invoke(DelegatingMethodAccessorImpl.java:43)
	at java.lang.reflect.Method.invoke(Method.java:498)
	at org.testng.internal.MethodInvocationHelper.invokeMethod(MethodInvocationHelper.java:86)
	at org.testng.internal.Invoker.invokeMethod(Invoker.java:643)
	at org.testng.internal.Invoker.invokeTestMethod(Invoker.java:820)
	at org.testng.internal.Invoker.invokeTestMethods(Invoker.java:1128)
	at org.testng.internal.TestMethodWorker.invokeTestMethods(TestMethodWorker.java:129)
	at org.testng.internal.TestMethodWorker.run(TestMethodWorker.java:112)
	at org.testng.TestRunner.privateRun(TestRunner.java:782)
	at org.testng.TestRunner.run(TestRunner.java:632)
	at org.testng.SuiteRunner.runTest(SuiteRunner.java:366)
	at org.testng.SuiteRunner.runSequentially(SuiteRunner.java:361)
	at org.testng.SuiteRunner.privateRun(SuiteRunner.java:319)
	at org.testng.SuiteRunner.run(SuiteRunner.java:268)
	at org.testng.SuiteRunnerWorker.runSuite(SuiteRunnerWorker.java:52)
	at org.testng.SuiteRunnerWorker.run(SuiteRunnerWorker.java:86)
	at org.testng.TestNG.runSuitesSequentially(TestNG.java:1244)
	at org.testng.TestNG.runSuitesLocally(TestNG.java:1169)
	at org.testng.TestNG.run(TestNG.java:1064)
	at org.testng.remote.AbstractRemoteTestNG.run(AbstractRemoteTestNG.java:115)
	at org.testng.remote.RemoteTestNG.initAndRun(RemoteTestNG.java:251)
	at org.testng.remote.RemoteTestNG.main(RemoteTestNG.java:77)
]]>
    </failure>
  </testcase> <!-- derive_VideoCall_IU_when_Privacy_optin_for_VIRGINIA -->
  <testcase name="Verify_Amazon_Call_privacy_optout_for_VIRGINIA" time="0.056" classname="com.twc.ios.app.testcases.AndroidVIRGINIAPrivacyTest"/>
  <testcase name="validate_Video_call_npa_val_privacy_optout_for_VIRGINIA_To_LATAMCO_Travel_Scenario" time="0.007" classname="com.twc.ios.app.testcases.AndroidVIRGINIAPrivacyTest">
    <failure type="java.lang.AssertionError" message="null ad call is not present">
      <![CDATA[java.lang.AssertionError: null ad call is not present
	at org.testng.Assert.fail(Assert.java:94)
	at com.twc.ios.app.general.Utils.validate_npa_val_in_gampad_url(Utils.java:3403)
	at com.twc.ios.app.testcases.AndroidVIRGINIAPrivacyTest.validate_Video_call_npa_val_privacy_optout_for_VIRGINIA_To_LATAMCO_Travel_Scenario(AndroidVIRGINIAPrivacyTest.java:1564)
	at sun.reflect.NativeMethodAccessorImpl.invoke0(Native Method)
	at sun.reflect.NativeMethodAccessorImpl.invoke(NativeMethodAccessorImpl.java:62)
	at sun.reflect.DelegatingMethodAccessorImpl.invoke(DelegatingMethodAccessorImpl.java:43)
	at java.lang.reflect.Method.invoke(Method.java:498)
	at org.testng.internal.MethodInvocationHelper.invokeMethod(MethodInvocationHelper.java:86)
	at org.testng.internal.Invoker.invokeMethod(Invoker.java:643)
	at org.testng.internal.Invoker.invokeTestMethod(Invoker.java:820)
	at org.testng.internal.Invoker.invokeTestMethods(Invoker.java:1128)
	at org.testng.internal.TestMethodWorker.invokeTestMethods(TestMethodWorker.java:129)
	at org.testng.internal.TestMethodWorker.run(TestMethodWorker.java:112)
	at org.testng.TestRunner.privateRun(TestRunner.java:782)
	at org.testng.TestRunner.run(TestRunner.java:632)
	at org.testng.SuiteRunner.runTest(SuiteRunner.java:366)
	at org.testng.SuiteRunner.runSequentially(SuiteRunner.java:361)
	at org.testng.SuiteRunner.privateRun(SuiteRunner.java:319)
	at org.testng.SuiteRunner.run(SuiteRunner.java:268)
	at org.testng.SuiteRunnerWorker.runSuite(SuiteRunnerWorker.java:52)
	at org.testng.SuiteRunnerWorker.run(SuiteRunnerWorker.java:86)
	at org.testng.TestNG.runSuitesSequentially(TestNG.java:1244)
	at org.testng.TestNG.runSuitesLocally(TestNG.java:1169)
	at org.testng.TestNG.run(TestNG.java:1064)
	at org.testng.remote.AbstractRemoteTestNG.run(AbstractRemoteTestNG.java:115)
	at org.testng.remote.RemoteTestNG.initAndRun(RemoteTestNG.java:251)
	at org.testng.remote.RemoteTestNG.main(RemoteTestNG.java:77)
]]>
    </failure>
  </testcase> <!-- validate_Video_call_npa_val_privacy_optout_for_VIRGINIA_To_LATAMCO_Travel_Scenario -->
  <testcase name="Verify_Criteo_SDK_inapp_v2_Call_privacy_optout_for_VIRGINIA_To_USA_Travel_Scenario" time="0.055" classname="com.twc.ios.app.testcases.AndroidVIRGINIAPrivacyTest"/>
  <testcase name="navigate_To_Feed_Cards_when_Privacy_optout_for_VIRGINIA" time="66.734" classname="com.twc.ios.app.testcases.AndroidVIRGINIAPrivacyTest"/>
  <testcase name="Verify_Criteo_SDK_config_app_Call_privacy_optout_for_VIRGINIA" time="0.047" classname="com.twc.ios.app.testcases.AndroidVIRGINIAPrivacyTest"/>
  <testcase name="verify_PrerollAd_call_sod_val_privacy_optout_for_VIRGINIA" time="0.284" classname="com.twc.ios.app.testcases.AndroidVIRGINIAPrivacyTest"/>
  <testcase name="verify_PrerollAd_call_sod_val_privacy_optout_for_VIRGINIA_To_GDPR_Travel_Scenario" time="0.241" classname="com.twc.ios.app.testcases.AndroidVIRGINIAPrivacyTest"/>
  <testcase name="Verify_Lotame_Call_privacy_optout_for_VIRGINIA_To_LATAMCO_Travel_Scenario" time="0.042" classname="com.twc.ios.app.testcases.AndroidVIRGINIAPrivacyTest"/>
  <testcase name="validate_NextGen_IM_Adcall_sod_val_privacy_optout_for_VIRGINIA_To_LATAMCO_Travel_Scenario" time="0.032" classname="com.twc.ios.app.testcases.AndroidVIRGINIAPrivacyTest"/>
  <testcase name="Verify_Lotame_Call_privacy_optout_for_VIRGINIA" time="0.062" classname="com.twc.ios.app.testcases.AndroidVIRGINIAPrivacyTest"/>
  <testcase name="Verify_Lotame_Call_privacy_optout_for_VIRGINIA_To_GDPR_Travel_Scenario" time="0.024" classname="com.twc.ios.app.testcases.AndroidVIRGINIAPrivacyTest"/>
  <testcase name="Verify_Amazon_Call_privacy_optout_for_VIRGINIA_To_SERBIA_Travel_Scenario" time="0.026" classname="com.twc.ios.app.testcases.AndroidVIRGINIAPrivacyTest"/>
  <testcase name="Verify_LocationWFXTriggers_Call_privacy_optout_for_VIRGINIA_To_LGPD_Travel_Scenario" time="0.027" classname="com.twc.ios.app.testcases.AndroidVIRGINIAPrivacyTest"/>
</testsuite> <!-- com.twc.ios.app.testcases.AndroidVIRGINIAPrivacyTest -->
